1592256115985	mozrunner::runner	INFO	Running command: "/Applications/Firefox.app/Contents/MacOS/firefox-bin" "-marionette" "-foreground" "-no-remote" "-profile" "/var/folders/ql/bv564x3s5r78ydynr139d_740000gn/T/rust_mozprofile.qWWkBcuZLWy0"
1592256119320	Marionette	INFO	Listening on port 57371
1592256119418	Marionette	WARN	TLS certificate errors will be ignored for this session
1592355703419	mozrunner::runner	INFO	Running command: "/Applications/Firefox.app/Contents/MacOS/firefox-bin" "-marionette" "-foreground" "-no-remote" "-profile" "/var/folders/ql/bv564x3s5r78ydynr139d_740000gn/T/rust_mozprofile.LLrKiaCp3jjS"
1592355705577	Marionette	INFO	Listening on port 53434
1592355705676	Marionette	WARN	TLS certificate errors will be ignored for this session
1593023625872	mozrunner::runner	INFO	Running command: "/Applications/Firefox.app/Contents/MacOS/firefox-bin" "-marionette" "-foreground" "-no-remote" "-profile" "/var/folders/ql/bv564x3s5r78ydynr139d_740000gn/T/rust_mozprofile.qdwKw4mzmPDf"
1593023627787	Marionette	INFO	Listening on port 50704
1593023627864	Marionette	WARN	TLS certificate errors will be ignored for this session
1593023768287	mozrunner::runner	INFO	Running command: "/Applications/Firefox.app/Contents/MacOS/firefox-bin" "-marionette" "-foreground" "-no-remote" "-profile" "/var/folders/ql/bv564x3s5r78ydynr139d_740000gn/T/rust_mozprofile.N8ljsxo8N4OT"
1593023770185	Marionette	INFO	Listening on port 50841
1593023770231	Marionette	WARN	TLS certificate errors will be ignored for this session
1593024078616	Marionette	INFO	Stopped listening on port 50841
1593025592027	mozrunner::runner	INFO	Running command: "/Applications/Firefox.app/Contents/MacOS/firefox-bin" "-marionette" "-foreground" "-no-remote" "-profile" "/var/folders/ql/bv564x3s5r78ydynr139d_740000gn/T/rust_mozprofile.OGxyVYlsX7gY"
1593025593942	Marionette	INFO	Listening on port 51377
1593025593979	Marionette	WARN	TLS certificate errors will be ignored for this session
1593025899228	Marionette	INFO	Stopped listening on port 51377
1593027054448	mozrunner::runner	INFO	Running command: "/Applications/Firefox.app/Contents/MacOS/firefox-bin" "-marionette" "-foreground" "-no-remote" "-profile" "/var/folders/ql/bv564x3s5r78ydynr139d_740000gn/T/rust_mozprofilerr56ft"
1593027056365	Marionette	INFO	Listening on port 52005
1593027056398	Marionette	WARN	TLS certificate errors will be ignored for this session
1593027360852	Marionette	INFO	Stopped listening on port 52005
1593028764801	mozrunner::runner	INFO	Running command: "/Applications/Firefox.app/Contents/MacOS/firefox-bin" "-marionette" "-foreground" "-no-remote" "-profile" "/var/folders/ql/bv564x3s5r78ydynr139d_740000gn/T/rust_mozprofileasuOcR"
1593028766644	Marionette	INFO	Listening on port 53863
1593028766653	Marionette	WARN	TLS certificate errors will be ignored for this session
1593028799827	Marionette	INFO	Stopped listening on port 53863
1593028834132	mozrunner::runner	INFO	Running command: "/Applications/Firefox.app/Contents/MacOS/firefox-bin" "-marionette" "-foreground" "-no-remote" "-profile" "/var/folders/ql/bv564x3s5r78ydynr139d_740000gn/T/rust_mozprofilekw9h7f"
1593028835929	Marionette	INFO	Listening on port 53997
1593028835959	Marionette	WARN	TLS certificate errors will be ignored for this session
1593028858787	Marionette	INFO	Stopped listening on port 53997
1593028914075	mozrunner::runner	INFO	Running command: "/Applications/Firefox.app/Contents/MacOS/firefox-bin" "-marionette" "-foreground" "-no-remote" "-profile" "/var/folders/ql/bv564x3s5r78ydynr139d_740000gn/T/rust_mozprofileYCltxj"
1593028915962	Marionette	INFO	Listening on port 54126
1593028916007	Marionette	WARN	TLS certificate errors will be ignored for this session
1593028946020	Marionette	INFO	Stopped listening on port 54126
1593028988998	mozrunner::runner	INFO	Running command: "/Applications/Firefox.app/Contents/MacOS/firefox-bin" "-marionette" "-foreground" "-no-remote" "-profile" "/var/folders/ql/bv564x3s5r78ydynr139d_740000gn/T/rust_mozprofilebdwANN"
1593028990816	Marionette	INFO	Listening on port 54243
1593028990841	Marionette	WARN	TLS certificate errors will be ignored for this session
1593029017608	Marionette	INFO	Stopped listening on port 54243
1593030469644	mozrunner::runner	INFO	Running command: "/Applications/Firefox.app/Contents/MacOS/firefox-bin" "-marionette" "-foreground" "-no-remote" "-profile" "/var/folders/ql/bv564x3s5r78ydynr139d_740000gn/T/rust_mozprofiled2CogF"
1593030471409	Marionette	INFO	Listening on port 55404
1593030471499	Marionette	WARN	TLS certificate errors will be ignored for this session
1593030494014	Marionette	INFO	Stopped listening on port 55404
1593033639375	mozrunner::runner	INFO	Running command: "/Applications/Firefox.app/Contents/MacOS/firefox-bin" "-marionette" "-foreground" "-no-remote" "-profile" "/var/folders/ql/bv564x3s5r78ydynr139d_740000gn/T/rust_mozprofilehfYBqX"
1593033641251	Marionette	INFO	Listening on port 59421
1593033641324	Marionette	WARN	TLS certificate errors will be ignored for this session
1593033665050	Marionette	INFO	Stopped listening on port 59421
1593033769872	mozrunner::runner	INFO	Running command: "/Applications/Firefox.app/Contents/MacOS/firefox-bin" "-marionette" "-foreground" "-no-remote" "-profile" "/var/folders/ql/bv564x3s5r78ydynr139d_740000gn/T/rust_mozprofileosU6S7"
1593033771660	Marionette	INFO	Listening on port 59537
1593033771725	Marionette	WARN	TLS certificate errors will be ignored for this session
1593033793459	Marionette	INFO	Stopped listening on port 59537
1593034371424	mozrunner::runner	INFO	Running command: "/Applications/Firefox.app/Contents/MacOS/firefox-bin" "-marionette" "-foreground" "-no-remote" "-profile" "/var/folders/ql/bv564x3s5r78ydynr139d_740000gn/T/rust_mozprofilePSdmuD"
1593034373310	Marionette	INFO	Listening on port 59970
1593034373378	Marionette	WARN	TLS certificate errors will be ignored for this session
1593034406936	Marionette	INFO	Stopped listening on port 59970
1593034580381	mozrunner::runner	INFO	Running command: "/Applications/Firefox.app/Contents/MacOS/firefox-bin" "-marionette" "-foreground" "-no-remote" "-profile" "/var/folders/ql/bv564x3s5r78ydynr139d_740000gn/T/rust_mozprofilevzbKt6"
1593034582231	Marionette	INFO	Listening on port 60151
1593034582243	Marionette	WARN	TLS certificate errors will be ignored for this session
JavaScript error: resource://gre/modules/NetworkGeolocationProvider.jsm, line 555: TypeError: xhr.response.location is undefined
1593034677822	Marionette	INFO	Stopped listening on port 60151
1593111002686	mozrunner::runner	INFO	Running command: "/Applications/Firefox.app/Contents/MacOS/firefox-bin" "-marionette" "-foreground" "-no-remote" "-profile" "/var/folders/ql/bv564x3s5r78ydynr139d_740000gn/T/rust_mozprofilewfPmwD"
1593111004737	Marionette	INFO	Listening on port 61592
1593111004825	Marionette	WARN	TLS certificate errors will be ignored for this session
1593111128981	Marionette	INFO	Stopped listening on port 61592
1593111140048	mozrunner::runner	INFO	Running command: "/Applications/Firefox.app/Contents/MacOS/firefox-bin" "-marionette" "-foreground" "-no-remote" "-profile" "/var/folders/ql/bv564x3s5r78ydynr139d_740000gn/T/rust_mozprofile67KXyg"
1593111141807	Marionette	INFO	Listening on port 62302
1593111141894	Marionette	WARN	TLS certificate errors will be ignored for this session
1593111163133	Marionette	INFO	Stopped listening on port 62302
1593111588116	mozrunner::runner	INFO	Running command: "/Applications/Firefox.app/Contents/MacOS/firefox-bin" "-marionette" "-foreground" "-no-remote" "-profile" "/var/folders/ql/bv564x3s5r78ydynr139d_740000gn/T/rust_mozprofileT14PhX"
1593111589958	Marionette	INFO	Listening on port 64283
1593111590055	Marionette	WARN	TLS certificate errors will be ignored for this session
1593111608501	Marionette	INFO	Stopped listening on port 64283
1593120014546	mozrunner::runner	INFO	Running command: "/Applications/Firefox.app/Contents/MacOS/firefox-bin" "-marionette" "-foreground" "-no-remote" "-profile" "/var/folders/ql/bv564x3s5r78ydynr139d_740000gn/T/rust_mozprofilea7fn6r"
1593120016460	Marionette	INFO	Listening on port 53594
1593120016517	Marionette	WARN	TLS certificate errors will be ignored for this session
1593120028476	Marionette	INFO	Stopped listening on port 53594
1593120323198	mozrunner::runner	INFO	Running command: "/Applications/Firefox.app/Contents/MacOS/firefox-bin" "-marionette" "-foreground" "-no-remote" "-profile" "/var/folders/ql/bv564x3s5r78ydynr139d_740000gn/T/rust_mozprofileRnOLao"
1593120325071	Marionette	INFO	Listening on port 54983
1593120325159	Marionette	WARN	TLS certificate errors will be ignored for this session
1593120339552	Marionette	INFO	Stopped listening on port 54983
1593120602933	mozrunner::runner	INFO	Running command: "/Applications/Firefox.app/Contents/MacOS/firefox-bin" "-marionette" "-foreground" "-no-remote" "-profile" "/var/folders/ql/bv564x3s5r78ydynr139d_740000gn/T/rust_mozprofileBJFZ6L"
1593120604719	Marionette	INFO	Listening on port 56300
1593120604794	Marionette	WARN	TLS certificate errors will be ignored for this session
1593120630876	Marionette	INFO	Stopped listening on port 56300
1593120665916	mozrunner::runner	INFO	Running command: "/Applications/Firefox.app/Contents/MacOS/firefox-bin" "-marionette" "-foreground" "-no-remote" "-profile" "/var/folders/ql/bv564x3s5r78ydynr139d_740000gn/T/rust_mozprofileXqEPH7"
1593120667762	Marionette	INFO	Listening on port 56660
1593120667772	Marionette	WARN	TLS certificate errors will be ignored for this session
1593120690149	Marionette	INFO	Stopped listening on port 56660
1593120701139	mozrunner::runner	INFO	Running command: "/Applications/Firefox.app/Contents/MacOS/firefox-bin" "-marionette" "-foreground" "-no-remote" "-profile" "/var/folders/ql/bv564x3s5r78ydynr139d_740000gn/T/rust_mozprofilesyU8at"
1593120702947	Marionette	INFO	Listening on port 56913
1593120702995	Marionette	WARN	TLS certificate errors will be ignored for this session
1593120728241	Marionette	INFO	Stopped listening on port 56913
1593120758705	mozrunner::runner	INFO	Running command: "/Applications/Firefox.app/Contents/MacOS/firefox-bin" "-marionette" "-foreground" "-no-remote" "-profile" "/var/folders/ql/bv564x3s5r78ydynr139d_740000gn/T/rust_mozprofileuiCchW"
1593120760492	Marionette	INFO	Listening on port 57247
1593120760562	Marionette	WARN	TLS certificate errors will be ignored for this session
1593120785681	Marionette	INFO	Stopped listening on port 57247
1593120949417	mozrunner::runner	INFO	Running command: "/Applications/Firefox.app/Contents/MacOS/firefox-bin" "-marionette" "-foreground" "-no-remote" "-profile" "/var/folders/ql/bv564x3s5r78ydynr139d_740000gn/T/rust_mozprofileQ3USbm"
1593120951231	Marionette	INFO	Listening on port 58151
1593120951276	Marionette	WARN	TLS certificate errors will be ignored for this session
1593120971402	Marionette	INFO	Stopped listening on port 58151
1593121012787	mozrunner::runner	INFO	Running command: "/Applications/Firefox.app/Contents/MacOS/firefox-bin" "-marionette" "-foreground" "-no-remote" "-profile" "/var/folders/ql/bv564x3s5r78ydynr139d_740000gn/T/rust_mozprofileU3i8WU"
1593121014641	Marionette	INFO	Listening on port 58513
1593121014653	Marionette	WARN	TLS certificate errors will be ignored for this session
1593121036074	Marionette	INFO	Stopped listening on port 58513
1593121368272	mozrunner::runner	INFO	Running command: "/Applications/Firefox.app/Contents/MacOS/firefox-bin" "-marionette" "-foreground" "-no-remote" "-profile" "/var/folders/ql/bv564x3s5r78ydynr139d_740000gn/T/rust_mozprofile4ZHeEO"
1593121370131	Marionette	INFO	Listening on port 60512
1593121370231	Marionette	WARN	TLS certificate errors will be ignored for this session
1593121388742	Marionette	INFO	Stopped listening on port 60512
1593121414316	mozrunner::runner	INFO	Running command: "/Applications/Firefox.app/Contents/MacOS/firefox-bin" "-marionette" "-foreground" "-no-remote" "-profile" "/var/folders/ql/bv564x3s5r78ydynr139d_740000gn/T/rust_mozprofileSjR9Nq"
1593121416079	Marionette	INFO	Listening on port 60816
1593121416178	Marionette	WARN	TLS certificate errors will be ignored for this session
1593121440066	Marionette	INFO	Stopped listening on port 60816
1593121446814	mozrunner::runner	INFO	Running command: "/Applications/Firefox.app/Contents/MacOS/firefox-bin" "-marionette" "-foreground" "-no-remote" "-profile" "/var/folders/ql/bv564x3s5r78ydynr139d_740000gn/T/rust_mozprofileKrzHEN"
1593121448578	Marionette	INFO	Listening on port 61046
1593121448672	Marionette	WARN	TLS certificate errors will be ignored for this session
1593121469647	Marionette	INFO	Stopped listening on port 61046
1593121514836	mozrunner::runner	INFO	Running command: "/Applications/Firefox.app/Contents/MacOS/firefox-bin" "-marionette" "-foreground" "-no-remote" "-profile" "/var/folders/ql/bv564x3s5r78ydynr139d_740000gn/T/rust_mozprofile356jRV"
1593121516713	Marionette	INFO	Listening on port 61432
1593121516788	Marionette	WARN	TLS certificate errors will be ignored for this session
1593121632676	mozrunner::runner	INFO	Running command: "/Applications/Firefox.app/Contents/MacOS/firefox-bin" "-marionette" "-foreground" "-no-remote" "-profile" "/var/folders/ql/bv564x3s5r78ydynr139d_740000gn/T/rust_mozprofileYJpMmF"
1593121634510	Marionette	INFO	Listening on port 62070
1593121634534	Marionette	WARN	TLS certificate errors will be ignored for this session
1593121754015	mozrunner::runner	INFO	Running command: "/Applications/Firefox.app/Contents/MacOS/firefox-bin" "-marionette" "-foreground" "-no-remote" "-profile" "/var/folders/ql/bv564x3s5r78ydynr139d_740000gn/T/rust_mozprofilehMu6L7"
1593121755899	Marionette	INFO	Listening on port 62677
1593121755982	Marionette	WARN	TLS certificate errors will be ignored for this session
1593121934116	mozrunner::runner	INFO	Running command: "/Applications/Firefox.app/Contents/MacOS/firefox-bin" "-marionette" "-foreground" "-no-remote" "-profile" "/var/folders/ql/bv564x3s5r78ydynr139d_740000gn/T/rust_mozprofileRCkoDK"
1593121935989	Marionette	INFO	Listening on port 63555
1593121936084	Marionette	WARN	TLS certificate errors will be ignored for this session
1593122015629	mozrunner::runner	INFO	Running command: "/Applications/Firefox.app/Contents/MacOS/firefox-bin" "-marionette" "-foreground" "-no-remote" "-profile" "/var/folders/ql/bv564x3s5r78ydynr139d_740000gn/T/rust_mozprofileBX4Q1K"
1593122017585	Marionette	INFO	Listening on port 64010
1593122017593	Marionette	WARN	TLS certificate errors will be ignored for this session
JavaScript warning: https://hbcugameday.com/wp-content/themes/flex-mag/js/scripts.js?ver=5.4.2, line 80: unreachable code after return statement
JavaScript warning: https://hbcugameday.com/wp-content/plugins/yourchannel/js/yrc.js?1.5.3-pro, line 1447: unreachable code after return statement
JavaScript warning: https://hbcugameday.com/wp-content/plugins/yourchannel/js/yrc.js?1.5.3-pro, line 1447: unreachable code after return statement
JavaScript warning: https://hbcugameday.com/wp-content/themes/flex-mag/js/scripts.js?ver=5.4.2, line 80: unreachable code after return statement
JavaScript warning: https://hbcugameday.com/wp-content/themes/flex-mag/js/scripts.js?ver=5.4.2, line 80: unreachable code after return statement
JavaScript warning: https://hbcugameday.com/wp-content/plugins/yourchannel/js/yrc.js?1.5.3-pro, line 1447: unreachable code after return statement
JavaScript error: https://jetpack.wordpress.com/jetpack-comment/?blogid=127646758&postid=45400&comment_registration=0&require_name_email=1&stc_enabled=1&stb_enabled=1&show_avatars=1&avatar_default=identicon&greeting=Leave+a+Reply&greeting_reply=Leave+a+Reply+to+%25s&color_scheme=light&lang=en_US&jetpack_version=8.6.1&show_cookie_consent=10&has_cookie_consent=0&token_key=%3Bnormal%3B&sig=4302ad8970615f4bbf3bf09fd2ee85e2789a0992#parent=https%3A%2F%2Fhbcugameday.com%2F2020%2F06%2F25%2Fbethune-cookman-university-leaving-meac-for-swac%2F, line 26: NS_ERROR_FAILURE: 
JavaScript warning: https://hbcugameday.com/wp-content/themes/flex-mag/js/scripts.js?ver=5.4.2, line 80: unreachable code after return statement
JavaScript warning: https://hbcugameday.com/wp-content/plugins/yourchannel/js/yrc.js?1.5.3-pro, line 1447: unreachable code after return statement
JavaScript warning: https://www.googletagservices.com/activeview/js/current/osd_listener.js?cache=r20110914, line 6: Script terminated by timeout at:
Ed/<@https://www.googletagservices.com/activeview/js/current/osd_listener.js?cache=r20110914:6:1

JavaScript error: https://onnidan.com/, line 18: SyntaxError: expected expression, got '<'
JavaScript error: https://secure.cdn.fastclick.net/js/adcodes/pubcode.min.js?sid=5097&placement_id=BW3SL52H&version=1.4&exc=1, line 1: ReferenceError: gsad is not defined
JavaScript error: https://secure.cdn.fastclick.net/js/adcodes/pubcode.min.js?sid=5097&placement_id=81994d49-61ed-4a4c-0025-a7156895e5fa&version=1.4&exc=1, line 1: ReferenceError: gsad is not defined
JavaScript error: https://onnidan.com/black-college-sports-page/volume-25-2018-20/7013-black-college-sports-page-vol-26-no-47-shaky-footing.html, line 18: SyntaxError: expected expression, got '<'
JavaScript error: https://secure.cdn.fastclick.net/js/adcodes/pubcode.min.js?sid=5097&placement_id=e3213419-dcea-465c-b3ab-ea3c5de5bda9&version=1.4&exc=1, line 1: ReferenceError: gsad is not defined
JavaScript error: https://secure.cdn.fastclick.net/js/adcodes/pubcode.min.js?sid=5097&placement_id=81994d49-61ed-4a4c-0025-a7156895e5fa&version=1.4&exc=1, line 1: ReferenceError: gsad is not defined
JavaScript error: https://onnidan.com/, line 18: SyntaxError: expected expression, got '<'
JavaScript error: https://secure.cdn.fastclick.net/js/adcodes/pubcode.min.js?sid=5097&placement_id=BW3SL52H&version=1.4&exc=1, line 1: ReferenceError: gsad is not defined
JavaScript error: https://secure.cdn.fastclick.net/js/adcodes/pubcode.min.js?sid=5097&placement_id=e3213419-dcea-465c-b3ab-ea3c5de5bda9&version=1.4&exc=1, line 1: ReferenceError: gsad is not defined
JavaScript warning: https://onnidan.com/plugins/system/toomanyfiles/js/jquery-1.12.4.min.js, line 3: Script terminated by timeout at:
trigger@https://onnidan.com/plugins/system/toomanyfiles/js/jquery-1.12.4.min.js:3:11310
a.event.trigger@https://onnidan.com/cache/js/0764aab691ae586435495fb500149ed5.php:2:8275
simulate@https://onnidan.com/plugins/system/toomanyfiles/js/jquery-1.12.4.min.js:3:15005
c@https://onnidan.com/plugins/system/toomanyfiles/js/jquery-1.12.4.min.js:3:18143

JavaScript error: https://www.gstatic.com/ads/ci/studio/pixelloader/1/pixelloader_min.js, line 25: TypeError: document.registerElement is not a function
JavaScript error: https://www.gstatic.com/ads/ci/studio/pixelloader/1/pixelloader_min.js, line 25: TypeError: document.registerElement is not a function
JavaScript error: https://cdnx.tribalfusion.com/media/common/richmedia/html5/5.9.1-0/js/creative.js, line 5: NS_ERROR_NOT_INITIALIZED: 
JavaScript error: https://www.gstatic.com/ads/ci/studio/pixelloader/1/pixelloader_min.js, line 25: TypeError: document.registerElement is not a function
JavaScript error: https://www.gstatic.com/ads/ci/studio/pixelloader/1/pixelloader_min.js, line 25: TypeError: document.registerElement is not a function
JavaScript error: resource://gre/actors/AutoCompleteChild.jsm, line 196: Error: Invalid autocomplete selectedIndex
JavaScript error: resource://gre/actors/AutoCompleteChild.jsm, line 196: Error: Invalid autocomplete selectedIndex
JavaScript error: resource://gre/modules/LoginManagerChild.jsm, line 174: NS_ERROR_XPC_JAVASCRIPT_ERROR_WITH_DETAILS: [JavaScript Error: "Invalid autocomplete selectedIndex" {file: "resource://gre/actors/AutoCompleteChild.jsm" line: 196}]'[JavaScript Error: "Invalid autocomplete selectedIndex" {file: "resource://gre/actors/AutoCompleteChild.jsm" line: 196}]' when calling method: [nsIAutoCompletePopup::selectedIndex]
JavaScript error: https://onnidan.com/, line 18: SyntaxError: expected expression, got '<'
JavaScript error: https://secure.cdn.fastclick.net/js/adcodes/pubcode.min.js?sid=5097&placement_id=81994d49-61ed-4a4c-0025-a7156895e5fa&version=1.4&exc=1, line 1: ReferenceError: gsad is not defined
JavaScript error: https://secure.cdn.fastclick.net/js/adcodes/pubcode.min.js?sid=5097&placement_id=e3213419-dcea-465c-b3ab-ea3c5de5bda9&version=1.4&exc=1, line 1: ReferenceError: gsad is not defined
JavaScript error: https://onnidan.com/newsroom/apr-june-2020/7016-wildcats-follow-rattlers-to-the-swac.html, line 20: SyntaxError: expected expression, got '<'
JavaScript error: https://secure.cdn.fastclick.net/js/adcodes/pubcode.min.js?sid=5097&placement_id=e3213419-dcea-465c-b3ab-ea3c5de5bda9&version=1.4&exc=1, line 1: ReferenceError: gsad is not defined
JavaScript error: https://secure.cdn.fastclick.net/js/adcodes/pubcode.min.js?sid=5097&placement_id=81994d49-61ed-4a4c-0025-a7156895e5fa&version=1.4&exc=1, line 1: ReferenceError: gsad is not defined
JavaScript error: https://onnidan.com/, line 18: SyntaxError: expected expression, got '<'
JavaScript error: https://secure.cdn.fastclick.net/js/adcodes/pubcode.min.js?sid=5097&placement_id=e3213419-dcea-465c-b3ab-ea3c5de5bda9&version=1.4&exc=1, line 1: ReferenceError: gsad is not defined
JavaScript error: https://secure.cdn.fastclick.net/js/adcodes/pubcode.min.js?sid=5097&placement_id=81994d49-61ed-4a4c-0025-a7156895e5fa&version=1.4&exc=1, line 1: ReferenceError: gsad is not defined
JavaScript error: https://onnidan.com/black-college-sports-page/volume-25-2018-20/7013-black-college-sports-page-vol-26-no-47-shaky-footing.html, line 18: SyntaxError: expected expression, got '<'
JavaScript error: https://secure.cdn.fastclick.net/js/adcodes/pubcode.min.js?sid=5097&placement_id=e3213419-dcea-465c-b3ab-ea3c5de5bda9&version=1.4&exc=1, line 1: ReferenceError: gsad is not defined
JavaScript error: https://secure.cdn.fastclick.net/js/adcodes/pubcode.min.js?sid=5097&placement_id=81994d49-61ed-4a4c-0025-a7156895e5fa&version=1.4&exc=1, line 1: ReferenceError: gsad is not defined
JavaScript error: https://www.gstatic.com/ads/ci/studio/pixelloader/1/pixelloader_min.js, line 25: TypeError: document.registerElement is not a function
JavaScript error: chrome://browser/content/browser-gestureSupport.js, line 488: TypeError: window.content is null
JavaScript error: chrome://browser/content/browser-gestureSupport.js, line 488: TypeError: window.content is null
JavaScript error: chrome://browser/content/browser-gestureSupport.js, line 488: TypeError: window.content is null
JavaScript error: chrome://browser/content/browser-gestureSupport.js, line 488: TypeError: window.content is null
JavaScript error: chrome://browser/content/browser-gestureSupport.js, line 488: TypeError: window.content is null
JavaScript error: chrome://browser/content/browser-gestureSupport.js, line 488: TypeError: window.content is null
JavaScript error: chrome://browser/content/browser-gestureSupport.js, line 488: TypeError: window.content is null
JavaScript error: chrome://browser/content/browser-gestureSupport.js, line 488: TypeError: window.content is null
JavaScript error: chrome://browser/content/browser-gestureSupport.js, line 488: TypeError: window.content is null
2020-06-26 02:50:47.041 firefox-bin[10787:902208] -deltaZ is deprecated for NSEventTypeMagnify.  Please use -magnification.
JavaScript error: https://onnidan.com/, line 18: SyntaxError: expected expression, got '<'
JavaScript error: https://secure.cdn.fastclick.net/js/adcodes/pubcode.min.js?sid=5097&placement_id=e3213419-dcea-465c-b3ab-ea3c5de5bda9&version=1.4&exc=1, line 1: ReferenceError: gsad is not defined
JavaScript error: https://secure.cdn.fastclick.net/js/adcodes/pubcode.min.js?sid=5097&placement_id=81994d49-61ed-4a4c-0025-a7156895e5fa&version=1.4&exc=1, line 1: ReferenceError: gsad is not defined
JavaScript warning: https://onnidan.com/plugins/system/toomanyfiles/js/jquery-1.12.4.min.js, line 3: Script terminated by timeout at:
n.Event@https://onnidan.com/plugins/system/toomanyfiles/js/jquery-1.12.4.min.js:3:15297
simulate@https://onnidan.com/plugins/system/toomanyfiles/js/jquery-1.12.4.min.js:3:14958
c@https://onnidan.com/plugins/system/toomanyfiles/js/jquery-1.12.4.min.js:3:18143

JavaScript error: https://www.wtkr.com/sports/bethune-cookman-university-is-fourth-school-to-leave-meac-since-2018 line 1076 > scriptElement, line 1: ReferenceError: jQuery is not defined
JavaScript error: https://ewscripps.brightspotcdn.com/resource/00000172-be10-d502-a57f-fe1359250000/styleguide/All.min.f53aff63d5349597146df68d747a6aa8.gz.js, line 8: TypeError: b.main[z].data is undefined
JavaScript warning: https://cdn.flashtalking.com/frameworks/js/createjs/createjs-2015.11.26.min.js, line 12: Script terminated by timeout at:
b.draw@https://cdn.flashtalking.com/frameworks/js/createjs/createjs-2015.11.26.min.js:12:21461
b.draw@https://cdn.flashtalking.com/frameworks/js/createjs/createjs-2015.11.26.min.js:13:25020
b.draw@https://cdn.flashtalking.com/frameworks/js/createjs/createjs-2015.11.26.min.js:13:7874
c.draw@https://cdn.flashtalking.com/frameworks/js/createjs/createjs-2015.11.26.min.js:14:366
b.draw@https://cdn.flashtalking.com/frameworks/js/createjs/createjs-2015.11.26.min.js:13:7874
c.draw@https://cdn.flashtalking.com/frameworks/js/createjs/createjs-2015.11.26.min.js:14:366
b.draw@https://cdn.flashtalking.com/frameworks/js/createjs/createjs-2015.11.26.min.js:13:7874
b.update@https://cdn.flashtalking.com/frameworks/js/createjs/createjs-2015.11.26.min.js:13:13841
b.handleEvent@https://cdn.flashtalking.com/frameworks/js/createjs/createjs-2015.11.26.min.js:13:14159
b._dispatchEvent@https://cdn.flashtalking.com/frameworks/js/createjs/createjs-2015.11.26.min.js:12:3663
b.dispatchEvent@https://cdn.flashtalking.com/frameworks/js/createjs/createjs-2015.11.26.min.js:12:3056
a._tick@https://cdn.flashtalking.com/frameworks/js/createjs/createjs-2015.11.26.min.js:12:6852
a._handleTimeout@https://cdn.flashtalking.com/frameworks/js/createjs/createjs-2015.11.26.min.js:12:6140

JavaScript error: https://tpc.googlesyndication.com/pagead/js/r20200622/r20110914/client/qs_click_protection_fy2019.js, line 11: NS_ERROR_NOT_INITIALIZED: 
JavaScript error: https://tpc.googlesyndication.com/pagead/js/r20200622/r20110914/client/qs_click_protection_fy2019.js, line 11: NS_ERROR_NOT_INITIALIZED: 
JavaScript error: https://eus.rubiconproject.com/usync.html, line 12: SecurityError: The operation is insecure.
JavaScript error: chrome://browser/content/browser-gestureSupport.js, line 488: TypeError: window.content is null
JavaScript error: chrome://browser/content/browser-gestureSupport.js, line 488: TypeError: window.content is null
JavaScript error: chrome://browser/content/browser-gestureSupport.js, line 488: TypeError: window.content is null
JavaScript error: chrome://browser/content/browser-gestureSupport.js, line 488: TypeError: window.content is null
JavaScript error: chrome://browser/content/browser-gestureSupport.js, line 488: TypeError: window.content is null
JavaScript error: chrome://browser/content/browser-gestureSupport.js, line 488: TypeError: window.content is null
JavaScript error: chrome://browser/content/browser-gestureSupport.js, line 488: TypeError: window.content is null
JavaScript error: chrome://browser/content/browser-gestureSupport.js, line 488: TypeError: window.content is null
JavaScript error: https://eus.rubiconproject.com/usync.html, line 12: SecurityError: The operation is insecure.
JavaScript error: chrome://browser/content/browser-gestureSupport.js, line 488: TypeError: window.content is null
JavaScript error: chrome://browser/content/browser-gestureSupport.js, line 488: TypeError: window.content is null
JavaScript error: chrome://browser/content/browser-gestureSupport.js, line 488: TypeError: window.content is null
JavaScript error: chrome://browser/content/browser-gestureSupport.js, line 488: TypeError: window.content is null
JavaScript error: chrome://browser/content/browser-gestureSupport.js, line 488: TypeError: window.content is null
JavaScript error: chrome://browser/content/browser-gestureSupport.js, line 488: TypeError: window.content is null
JavaScript error: chrome://browser/content/browser-gestureSupport.js, line 488: TypeError: window.content is null
JavaScript error: chrome://browser/content/browser-gestureSupport.js, line 510: TypeError: window.content is null
JavaScript error: chrome://browser/content/browser-gestureSupport.js, line 488: TypeError: window.content is null
JavaScript error: chrome://browser/content/browser-gestureSupport.js, line 488: TypeError: window.content is null
JavaScript error: chrome://browser/content/browser-gestureSupport.js, line 488: TypeError: window.content is null
JavaScript error: chrome://browser/content/browser-gestureSupport.js, line 488: TypeError: window.content is null
JavaScript error: chrome://browser/content/browser-gestureSupport.js, line 488: TypeError: window.content is null
JavaScript error: chrome://browser/content/browser-gestureSupport.js, line 488: TypeError: window.content is null
JavaScript error: chrome://browser/content/browser-gestureSupport.js, line 488: TypeError: window.content is null
JavaScript error: chrome://browser/content/browser-gestureSupport.js, line 488: TypeError: window.content is null
JavaScript error: chrome://browser/content/browser-gestureSupport.js, line 488: TypeError: window.content is null
JavaScript error: chrome://browser/content/browser-gestureSupport.js, line 510: TypeError: window.content is null
JavaScript error: https://cti.w55c.net/ct/cms-2.min.js, line 1: TypeError: s[i.parameter] is undefined
JavaScript warning: https://confiant-integrations.global.ssl.fastly.net/gpt/202006241654/wrap.js, line 19: unreachable code after return statement
JavaScript warning: https://confiant-integrations.global.ssl.fastly.net/gpt/202006241654/wrap.js, line 19: unreachable code after return statement
JavaScript warning: https://confiant-integrations.global.ssl.fastly.net/gpt/202006241654/wrap.js, line 19: unreachable code after return statement
JavaScript warning: https://confiant-integrations.global.ssl.fastly.net/gpt/202006241654/wrap.js, line 19: unreachable code after return statement
JavaScript warning: https://confiant-integrations.global.ssl.fastly.net/gpt/202006241654/wrap.js, line 19: unreachable code after return statement
JavaScript warning: https://confiant-integrations.global.ssl.fastly.net/gpt/202006241654/wrap.js, line 19: unreachable code after return statement
JavaScript warning: https://confiant-integrations.global.ssl.fastly.net/gpt/202006241654/wrap.js, line 19: unreachable code after return statement
JavaScript warning: https://confiant-integrations.global.ssl.fastly.net/gpt/202006241654/wrap.js, line 19: unreachable code after return statement
JavaScript error: https://native.sharethrough.com/assets/sfp.js, line 1: SecurityError: Permission denied to access property "origin" on cross-origin object
JavaScript error: https://gum.criteo.com/sync?r=2&c=158&j=STRCriteoCallback&callback=STRCriteoCallback, line 1: SecurityError: The operation is insecure.
JavaScript warning: https://code.createjs.com/createjs-2015.11.26.min.js, line 13: Script terminated by timeout at:
b._drawText@https://code.createjs.com/createjs-2015.11.26.min.js:13:28002
b.draw@https://code.createjs.com/createjs-2015.11.26.min.js:13:26194
b.draw@https://code.createjs.com/createjs-2015.11.26.min.js:13:7874
c.draw@https://code.createjs.com/createjs-2015.11.26.min.js:14:366
b.draw@https://code.createjs.com/createjs-2015.11.26.min.js:13:7874
b.update@https://code.createjs.com/createjs-2015.11.26.min.js:13:13841
b.handleEvent@https://code.createjs.com/createjs-2015.11.26.min.js:13:14159
b._dispatchEvent@https://code.createjs.com/createjs-2015.11.26.min.js:12:3663
b.dispatchEvent@https://code.createjs.com/createjs-2015.11.26.min.js:12:3056
a._tick@https://code.createjs.com/createjs-2015.11.26.min.js:12:6852
a._handleTimeout@https://code.createjs.com/createjs-2015.11.26.min.js:12:6140

JavaScript error: https://eus.rubiconproject.com/usync.html, line 12: SecurityError: The operation is insecure.
JavaScript error: https://eus.rubiconproject.com/usync.html, line 12: SecurityError: The operation is insecure.
JavaScript error: resource://gre/actors/PictureInPictureChild.jsm, line 114: InvalidStateError: An attempt was made to use an object that is not, or is no longer, usable
JavaScript error: resource://gre/actors/PictureInPictureChild.jsm, line 114: InvalidStateError: An attempt was made to use an object that is not, or is no longer, usable
JavaScript error: https://www.newsobserver.com/, line 3703: TypeError: $newsletterForm is null
JavaScript warning: https://confiant-integrations.global.ssl.fastly.net/gpt/202006241654/wrap.js, line 19: unreachable code after return statement
JavaScript warning: https://confiant-integrations.global.ssl.fastly.net/gpt/202006241654/wrap.js, line 19: unreachable code after return statement
JavaScript warning: https://confiant-integrations.global.ssl.fastly.net/gpt/202006241654/wrap.js, line 19: unreachable code after return statement
JavaScript warning: https://confiant-integrations.global.ssl.fastly.net/gpt/202006241654/wrap.js, line 19: unreachable code after return statement
JavaScript warning: https://confiant-integrations.global.ssl.fastly.net/gpt/202006241654/wrap.js, line 19: unreachable code after return statement
JavaScript warning: https://confiant-integrations.global.ssl.fastly.net/gpt/202006241654/wrap.js, line 19: unreachable code after return statement
JavaScript warning: https://confiant-integrations.global.ssl.fastly.net/gpt/202006241654/wrap.js, line 19: unreachable code after return statement
JavaScript warning: https://confiant-integrations.global.ssl.fastly.net/gpt/202006241654/wrap.js, line 19: unreachable code after return statement
JavaScript error: https://cdn.digitru.st/prod/1/digitrust.min.js, line 1: TypeError: config.getValue is not a function
JavaScript error: resource://gre/actors/PictureInPictureChild.jsm, line 114: InvalidStateError: An attempt was made to use an object that is not, or is no longer, usable
JavaScript error: https://eus.rubiconproject.com/usync.html, line 12: SecurityError: The operation is insecure.
JavaScript error: https://googleads.g.doubleclick.net/pagead/render_post_ads_v1.html#exk=885177874&a_pr=13:XvWfLwAAAAB5P1E9j7mXkzQAHi6mfG1n3aDfIg, line 6: uncaught exception: XhrHttpError: Request Failed, status=0, url=https://googleads.g.doubleclick.net/pagead/adfetch
JavaScript error: https://eus.rubiconproject.com/usync.html, line 12: SecurityError: The operation is insecure.
JavaScript error: https://tpc.googlesyndication.com/pagead/js/r20200622/r20110914/client/qs_click_protection_fy2019.js, line 11: NS_ERROR_NOT_INITIALIZED: 
JavaScript error: https://tpc.googlesyndication.com/sadbundle/$csp%3Der3$/14351915473132074570/Hefty_BBQ_728x90/Hefty_BBQ_728x90.html#t=7745486242997147373&p=https%3A%2F%2Fcd8ac11a8b9d3c8773844fb4f8bd1878.safeframe.googlesyndication.com, line 1: ReferenceError: init is not defined
JavaScript error: https://tpc.googlesyndication.com/sadbundle/$csp%3Der3$/14351915473132074570/Hefty_BBQ_728x90/Hefty_BBQ_728x90.html#t=7610188936624592378&p=https%3A%2F%2Fcd8ac11a8b9d3c8773844fb4f8bd1878.safeframe.googlesyndication.com, line 1: ReferenceError: init is not defined
JavaScript error: https://eus.rubiconproject.com/usync.html, line 12: SecurityError: The operation is insecure.
JavaScript error: https://tpc.googlesyndication.com/pagead/js/r20200622/r20110914/client/qs_click_protection_fy2019.js, line 11: NS_ERROR_NOT_INITIALIZED: 
JavaScript error: https://tpc.googlesyndication.com/pagead/js/r20200622/r20110914/client/qs_click_protection_fy2019.js, line 11: NS_ERROR_NOT_INITIALIZED: 
JavaScript error: https://eus.rubiconproject.com/usync.html, line 12: SecurityError: The operation is insecure.
JavaScript error: https://eus.rubiconproject.com/usync.html, line 12: SecurityError: The operation is insecure.
JavaScript error: https://eus.rubiconproject.com/usync.html, line 12: SecurityError: The operation is insecure.
JavaScript error: https://www.gstatic.com/mysidia/06263b8ede090e48502c82d7a60efc44.js?tag=video_mra/web_fig_och, line 174: SecurityError: The operation is insecure.
JavaScript error: https://eus.rubiconproject.com/usync.html, line 12: SecurityError: The operation is insecure.
JavaScript error: https://eus.rubiconproject.com/usync.html, line 12: SecurityError: The operation is insecure.
JavaScript error: https://eus.rubiconproject.com/usync.html, line 12: SecurityError: The operation is insecure.
JavaScript error: https://eus.rubiconproject.com/usync.html, line 12: SecurityError: The operation is insecure.
JavaScript error: https://eus.rubiconproject.com/usync.html, line 12: SecurityError: The operation is insecure.
JavaScript error: https://eus.rubiconproject.com/usync.html, line 12: SecurityError: The operation is insecure.
JavaScript error: https://onnidan1.com/forum/index.php?topic=155897.45, line 35: SyntaxError: expected expression, got '&'
JavaScript error: https://onnidan1.com/forum/index.php?topic=155897.45, line 46: SyntaxError: expected expression, got '&'
JavaScript error: https://onnidan1.com/forum/index.php?PHPSESSID=mr60hj2psq12mghba2lsv31hub&topic=155897.0, line 35: SyntaxError: expected expression, got '&'
JavaScript error: https://onnidan1.com/forum/index.php?PHPSESSID=mr60hj2psq12mghba2lsv31hub&topic=155897.0, line 46: SyntaxError: expected expression, got '&'
JavaScript error: https://onnidan1.com/forum/index.php?topic=155897.45, line 35: SyntaxError: expected expression, got '&'
JavaScript error: https://onnidan1.com/forum/index.php?topic=155897.45, line 46: SyntaxError: expected expression, got '&'
JavaScript error: https://onnidan1.com/forum/index.php?topic=155897.30, line 35: SyntaxError: expected expression, got '&'
JavaScript error: https://onnidan1.com/forum/index.php?topic=155897.30, line 46: SyntaxError: expected expression, got '&'
JavaScript warning: https://assets.bizjournals.com/static/js/lib/jquery-1.10.2.min.js?v=1592922199, line 2: Using //@ to indicate sourceMappingURL pragmas is deprecated. Use //# instead
JavaScript warning: https://www.bizjournals.com/_Incapsula_Resource?SWJIYLWA=719d34d31c8e3a6e6fffd425f7e032f3&ns=1&cb=1212087693, line 1: unreachable code after return statement
JavaScript warning: https://www.bizjournals.com/_Incapsula_Resource?SWJIYLWA=719d34d31c8e3a6e6fffd425f7e032f3&ns=1&cb=1212087693, line 1: unreachable code after return statement
JavaScript warning: https://www.bizjournals.com/_Incapsula_Resource?SWJIYLWA=719d34d31c8e3a6e6fffd425f7e032f3&ns=1&cb=1212087693 line 1 > eval, line 1: unreachable code after return statement
JavaScript error: resource://gre/modules/XULStore.jsm, line 66: Error: Can't find profile directory.
JavaScript error: resource://gre/modules/XULStore.jsm, line 66: Error: Can't find profile directory.
JavaScript error: https://onnidan1.com/forum/index.php?topic=155897.msg1131334#msg1131334, line 36: SyntaxError: expected expression, got '&'
JavaScript error: https://onnidan1.com/forum/index.php?topic=155897.msg1131334#msg1131334, line 47: SyntaxError: expected expression, got '&'
JavaScript error: https://onnidan1.com/forum/index.php?topic=155897.45, line 35: SyntaxError: expected expression, got '&'
JavaScript error: https://onnidan1.com/forum/index.php?topic=155897.45, line 46: SyntaxError: expected expression, got '&'
JavaScript error: https://onnidan1.com/forum/index.php?board=1.0, line 33: SyntaxError: expected expression, got '&'
JavaScript error: https://onnidan1.com/forum/index.php?board=1.0, line 44: SyntaxError: expected expression, got '&'
JavaScript error: https://onnidan1.com/forum/index.php?topic=160996.0, line 35: SyntaxError: expected expression, got '&'
JavaScript error: https://onnidan1.com/forum/index.php?topic=160996.0, line 46: SyntaxError: expected expression, got '&'
JavaScript error: https://tpc.googlesyndication.com/pagead/js/r20200624/r20110914/client/qs_click_protection_fy2019.js, line 11: NS_ERROR_NOT_INITIALIZED: 
JavaScript error: https://tpc.googlesyndication.com/pagead/js/r20200624/r20110914/client/qs_click_protection_fy2019.js, line 11: NS_ERROR_NOT_INITIALIZED: 
JavaScript error: https://onnidan1.com/forum/index.php?topic=160996.15, line 35: SyntaxError: expected expression, got '&'
JavaScript error: https://onnidan1.com/forum/index.php?topic=160996.15, line 46: SyntaxError: expected expression, got '&'
JavaScript error: https://tpc.googlesyndication.com/pagead/js/r20200624/r20110914/client/qs_click_protection_fy2019.js, line 11: NS_ERROR_NOT_INITIALIZED: 
JavaScript error: https://onnidan1.com/forum/index.php?topic=160996.30, line 35: SyntaxError: expected expression, got '&'
JavaScript error: https://onnidan1.com/forum/index.php?topic=160996.30, line 46: SyntaxError: expected expression, got '&'
JavaScript error: https://onnidan1.com/forum/index.php?action=login, line 31: SyntaxError: expected expression, got '&'
JavaScript error: https://onnidan1.com/forum/index.php?action=login, line 42: SyntaxError: expected expression, got '&'
JavaScript error: https://onnidan1.com/forum/index.php?action=login2, line 31: SyntaxError: expected expression, got '&'
JavaScript error: https://onnidan1.com/forum/index.php?action=login2, line 42: SyntaxError: expected expression, got '&'
JavaScript error: https://tpc.googlesyndication.com/pagead/js/r20200624/r20110914/client/qs_click_protection_fy2019.js, line 11: NS_ERROR_NOT_INITIALIZED: 
JavaScript error: https://tpc.googlesyndication.com/pagead/js/r20200622/r20110914/client/qs_click_protection_fy2019.js, line 11: NS_ERROR_NOT_INITIALIZED: 
JavaScript error: https://tpc.googlesyndication.com/pagead/js/r20200624/r20110914/client/qs_click_protection_fy2019.js, line 11: NS_ERROR_NOT_INITIALIZED: 
JavaScript error: https://onnidan1.com/forum/index.php?action=register, line 31: SyntaxError: expected expression, got '&'
JavaScript error: https://onnidan1.com/forum/index.php?action=register, line 42: SyntaxError: expected expression, got '&'
JavaScript error: https://onnidan1.com/forum/index.php?action=register, line 31: SyntaxError: expected expression, got '&'
JavaScript error: https://onnidan1.com/forum/index.php?action=register, line 42: SyntaxError: expected expression, got '&'
JavaScript error: https://s0.2mdn.net/6440760/1568230661274/MAR-277-whiteBG-redHighlight-320x100/scripts/script.js, line 11: ReferenceError: blinking is not defined
JavaScript error: https://onnidan1.com/forum/index.php?action=register2, line 31: SyntaxError: expected expression, got '&'
JavaScript error: https://onnidan1.com/forum/index.php?action=register2, line 42: SyntaxError: expected expression, got '&'
JavaScript error: https://onnidan1.com/forum/index.php, line 32: SyntaxError: expected expression, got '&'
JavaScript error: https://onnidan1.com/forum/index.php, line 43: SyntaxError: expected expression, got '&'
JavaScript error: https://onnidan1.com/forum/index.php?board=1.0, line 33: SyntaxError: expected expression, got '&'
JavaScript error: https://onnidan1.com/forum/index.php?board=1.0, line 44: SyntaxError: expected expression, got '&'
JavaScript error: https://onnidan1.com/forum/index.php?topic=161258.0, line 35: SyntaxError: expected expression, got '&'
JavaScript error: https://onnidan1.com/forum/index.php?topic=161258.0, line 46: SyntaxError: expected expression, got '&'
JavaScript error: https://onnidan1.com/forum/index.php?board=1.0, line 33: SyntaxError: expected expression, got '&'
JavaScript error: https://onnidan1.com/forum/index.php?board=1.0, line 44: SyntaxError: expected expression, got '&'
JavaScript error: https://onnidan1.com/forum/index.php?topic=161232.0, line 35: SyntaxError: expected expression, got '&'
JavaScript error: https://onnidan1.com/forum/index.php?topic=161232.0, line 46: SyntaxError: expected expression, got '&'
JavaScript error: https://ccpa.sp-prod.net/ccpa.js, line 1: TypeError: window.__uspapi is undefined
JavaScript error: https://www.vice.com/en_us/article/yp8vg7/should-grambling-state-southern-hbcus-drop-division-i-football line 4431 > scriptElement, line 2: ReferenceError: __NEXT_DATA__ is not defined
JavaScript error: resource://devtools/client/jsonview/converter-observer.js, line 76: NS_ERROR_NOT_AVAILABLE: Component returned failure code: 0x80040111 (NS_ERROR_NOT_AVAILABLE) [nsIChannel.contentType]
JavaScript error: resource://devtools/client/jsonview/converter-observer.js, line 76: NS_ERROR_NOT_AVAILABLE: Component returned failure code: 0x80040111 (NS_ERROR_NOT_AVAILABLE) [nsIChannel.contentType]
JavaScript error: https://eus.rubiconproject.com/usync.html?p=synacor_xapi&endpoint=us-east, line 12: SecurityError: The operation is insecure.
JavaScript error: https://eus.rubiconproject.com/usync.html?p=33across&endpoint=us-east, line 12: SecurityError: The operation is insecure.
JavaScript error: https://eus.rubiconproject.com/usync.html?p=synacor_xapi&endpoint=us-east, line 12: SecurityError: The operation is insecure.
JavaScript error: https://s0.2mdn.net/instream/video/client.js, line 32: NS_ERROR_NOT_INITIALIZED: 
JavaScript error: https://s0.2mdn.net/instream/video/client.js, line 32: NS_ERROR_NOT_INITIALIZED: 
JavaScript error: https://s0.2mdn.net/instream/video/client.js, line 32: NS_ERROR_NOT_INITIALIZED: 
JavaScript error: https://s0.2mdn.net/instream/video/client.js, line 32: NS_ERROR_NOT_INITIALIZED: 
JavaScript error: https://s0.2mdn.net/instream/video/client.js, line 32: NS_ERROR_NOT_INITIALIZED: 
JavaScript error: https://s0.2mdn.net/instream/video/client.js, line 32: NS_ERROR_NOT_INITIALIZED: 
JavaScript error: https://s0.2mdn.net/instream/video/client.js, line 32: NS_ERROR_NOT_INITIALIZED: 
JavaScript error: https://s0.2mdn.net/instream/video/client.js, line 32: NS_ERROR_NOT_INITIALIZED: 
JavaScript error: https://s0.2mdn.net/instream/video/client.js, line 32: NS_ERROR_NOT_INITIALIZED: 
JavaScript error: https://s0.2mdn.net/instream/video/client.js, line 32: NS_ERROR_NOT_INITIALIZED: 
JavaScript error: https://s0.2mdn.net/instream/video/client.js, line 32: NS_ERROR_NOT_INITIALIZED: 
JavaScript error: https://s0.2mdn.net/instream/video/client.js, line 32: NS_ERROR_NOT_INITIALIZED: 
JavaScript error: https://s0.2mdn.net/instream/video/client.js, line 32: NS_ERROR_NOT_INITIALIZED: 
JavaScript error: https://s0.2mdn.net/instream/video/client.js, line 32: NS_ERROR_NOT_INITIALIZED: 
JavaScript error: https://s0.2mdn.net/instream/video/client.js, line 32: NS_ERROR_NOT_INITIALIZED: 
JavaScript error: https://s0.2mdn.net/instream/video/client.js, line 32: NS_ERROR_NOT_INITIALIZED: 
JavaScript error: https://s0.2mdn.net/instream/video/client.js, line 32: NS_ERROR_NOT_INITIALIZED: 
JavaScript error: https://s0.2mdn.net/instream/video/client.js, line 32: NS_ERROR_NOT_INITIALIZED: 
JavaScript error: https://s0.2mdn.net/instream/video/client.js, line 32: NS_ERROR_NOT_INITIALIZED: 
JavaScript error: https://s0.2mdn.net/instream/video/client.js, line 32: NS_ERROR_NOT_INITIALIZED: 
JavaScript error: https://s0.2mdn.net/instream/video/client.js, line 32: NS_ERROR_NOT_INITIALIZED: 
JavaScript error: https://s0.2mdn.net/instream/video/client.js, line 32: NS_ERROR_NOT_INITIALIZED: 
JavaScript error: https://s0.2mdn.net/instream/video/client.js, line 32: NS_ERROR_NOT_INITIALIZED: 
JavaScript error: https://s0.2mdn.net/instream/video/client.js, line 32: NS_ERROR_NOT_INITIALIZED: 
JavaScript error: https://s0.2mdn.net/instream/video/client.js, line 32: NS_ERROR_NOT_INITIALIZED: 
JavaScript error: https://s0.2mdn.net/instream/video/client.js, line 32: NS_ERROR_NOT_INITIALIZED: 
JavaScript error: https://s0.2mdn.net/instream/video/client.js, line 32: NS_ERROR_NOT_INITIALIZED: 
JavaScript error: https://s0.2mdn.net/instream/video/client.js, line 32: NS_ERROR_NOT_INITIALIZED: 
JavaScript error: https://s0.2mdn.net/instream/video/client.js, line 32: NS_ERROR_NOT_INITIALIZED: 
JavaScript error: https://s0.2mdn.net/instream/video/client.js, line 32: NS_ERROR_NOT_INITIALIZED: 
JavaScript error: https://s0.2mdn.net/instream/video/client.js, line 32: NS_ERROR_NOT_INITIALIZED: 
JavaScript error: https://s0.2mdn.net/instream/video/client.js, line 32: NS_ERROR_NOT_INITIALIZED: 
JavaScript error: https://s0.2mdn.net/instream/video/client.js, line 32: NS_ERROR_NOT_INITIALIZED: 
JavaScript error: https://s0.2mdn.net/instream/video/client.js, line 32: NS_ERROR_NOT_INITIALIZED: 
JavaScript error: https://s0.2mdn.net/instream/video/client.js, line 32: NS_ERROR_NOT_INITIALIZED: 
JavaScript error: https://s0.2mdn.net/instream/video/client.js, line 32: NS_ERROR_NOT_INITIALIZED: 
JavaScript error: https://s0.2mdn.net/instream/video/client.js, line 32: NS_ERROR_NOT_INITIALIZED: 
JavaScript error: https://s0.2mdn.net/instream/video/client.js, line 32: NS_ERROR_NOT_INITIALIZED: 
JavaScript error: https://s0.2mdn.net/instream/video/client.js, line 32: NS_ERROR_NOT_INITIALIZED: 
JavaScript error: https://s0.2mdn.net/instream/video/client.js, line 32: NS_ERROR_NOT_INITIALIZED: 
JavaScript error: https://s0.2mdn.net/instream/video/client.js, line 32: NS_ERROR_NOT_INITIALIZED: 
JavaScript error: https://s0.2mdn.net/instream/video/client.js, line 32: NS_ERROR_NOT_INITIALIZED: 
JavaScript error: https://s0.2mdn.net/instream/video/client.js, line 32: NS_ERROR_NOT_INITIALIZED: 
JavaScript error: https://s0.2mdn.net/instream/video/client.js, line 32: NS_ERROR_NOT_INITIALIZED: 
JavaScript error: https://s0.2mdn.net/instream/video/client.js, line 32: NS_ERROR_NOT_INITIALIZED: 
JavaScript error: https://s0.2mdn.net/instream/video/client.js, line 32: NS_ERROR_NOT_INITIALIZED: 
JavaScript error: https://s0.2mdn.net/instream/video/client.js, line 32: NS_ERROR_NOT_INITIALIZED: 
JavaScript error: https://s0.2mdn.net/instream/video/client.js, line 32: NS_ERROR_NOT_INITIALIZED: 
JavaScript error: https://s0.2mdn.net/instream/video/client.js, line 32: NS_ERROR_NOT_INITIALIZED: 
JavaScript error: https://s0.2mdn.net/instream/video/client.js, line 32: NS_ERROR_NOT_INITIALIZED: 
JavaScript error: https://s0.2mdn.net/instream/video/client.js, line 32: NS_ERROR_NOT_INITIALIZED: 
JavaScript error: https://s0.2mdn.net/instream/video/client.js, line 32: NS_ERROR_NOT_INITIALIZED: 
JavaScript error: https://s0.2mdn.net/instream/video/client.js, line 32: NS_ERROR_NOT_INITIALIZED: 
JavaScript error: https://s0.2mdn.net/instream/video/client.js, line 32: NS_ERROR_NOT_INITIALIZED: 
JavaScript error: https://s0.2mdn.net/instream/video/client.js, line 32: NS_ERROR_NOT_INITIALIZED: 
JavaScript error: https://s0.2mdn.net/instream/video/client.js, line 32: NS_ERROR_NOT_INITIALIZED: 
JavaScript error: https://s0.2mdn.net/instream/video/client.js, line 32: NS_ERROR_NOT_INITIALIZED: 
JavaScript error: https://s0.2mdn.net/instream/video/client.js, line 32: NS_ERROR_NOT_INITIALIZED: 
JavaScript error: https://s0.2mdn.net/instream/video/client.js, line 32: NS_ERROR_NOT_INITIALIZED: 
JavaScript error: https://s0.2mdn.net/instream/video/client.js, line 32: NS_ERROR_NOT_INITIALIZED: 
JavaScript error: https://s0.2mdn.net/instream/video/client.js, line 32: NS_ERROR_NOT_INITIALIZED: 
JavaScript error: https://s0.2mdn.net/instream/video/client.js, line 32: NS_ERROR_NOT_INITIALIZED: 
JavaScript error: https://s0.2mdn.net/instream/video/client.js, line 32: NS_ERROR_NOT_INITIALIZED: 
JavaScript error: https://s0.2mdn.net/instream/video/client.js, line 32: NS_ERROR_NOT_INITIALIZED: 
JavaScript error: https://s0.2mdn.net/instream/video/client.js, line 32: NS_ERROR_NOT_INITIALIZED: 
JavaScript error: https://s0.2mdn.net/instream/video/client.js, line 32: NS_ERROR_NOT_INITIALIZED: 
JavaScript error: https://s0.2mdn.net/instream/video/client.js, line 32: NS_ERROR_NOT_INITIALIZED: 
JavaScript error: https://s0.2mdn.net/instream/video/client.js, line 32: NS_ERROR_NOT_INITIALIZED: 
JavaScript error: https://eus.rubiconproject.com/usync.html?p=synacor_xapi&endpoint=us-east, line 12: SecurityError: The operation is insecure.
JavaScript warning: https://static.chartbeat.com/js/chartbeat.js, line 12: Script terminated by timeout at:
Da@https://static.chartbeat.com/js/chartbeat.js:12:49
q@https://static.chartbeat.com/js/chartbeat.js:12:71
eb.prototype.Q@https://static.chartbeat.com/js/chartbeat.js:23:401
F.vb@https://static.chartbeat.com/js/chartbeat.js:26:376
F.va@https://static.chartbeat.com/js/chartbeat.js:26:264
F.D/<@https://static.chartbeat.com/js/chartbeat.js:25:349
eb.prototype.Q/<@https://static.chartbeat.com/js/chartbeat.js:23:464
q@https://static.chartbeat.com/js/chartbeat.js:12:119
eb.prototype.Q@https://static.chartbeat.com/js/chartbeat.js:23:401
ob@https://static.chartbeat.com/js/chartbeat.js:27:592

JavaScript error: https://eus.rubiconproject.com/usync.html?p=synacor_xapi&endpoint=us-east, line 12: SecurityError: The operation is insecure.
JavaScript warning: https://cdnjs.cloudflare.com/ajax/libs/jquery/1.9.1/jquery.min.js, line 2: Using //@ to indicate sourceMappingURL pragmas is deprecated. Use //# instead
JavaScript warning: https://cdnjs.cloudflare.com/ajax/libs/jquery/1.9.1/jquery.min.js?bust=0, line 2: Using //@ to indicate sourceMappingURL pragmas is deprecated. Use //# instead
JavaScript error: https://onnidan1.com/forum/index.php?topic=161232.15, line 35: SyntaxError: expected expression, got '&'
JavaScript error: https://onnidan1.com/forum/index.php?topic=161232.15, line 46: SyntaxError: expected expression, got '&'
JavaScript error: https://tpc.googlesyndication.com/pagead/js/r20200624/r20110914/client/qs_click_protection.js, line 16: NS_ERROR_NOT_INITIALIZED: 
JavaScript error: https://www.gstatic.com/ads/ci/studio/pixelloader/1/pixelloader_min.js, line 25: TypeError: document.registerElement is not a function
JavaScript error: https://www.gstatic.com/ads/ci/studio/pixelloader/1/pixelloader_min.js, line 25: TypeError: document.registerElement is not a function
JavaScript warning: https://abs.twimg.com/responsive-web/web/vendors~main.805584a4.js, line 57: Script terminated by timeout at:
Dn@https://abs.twimg.com/responsive-web/web/vendors~main.805584a4.js:57:27980
zn@https://abs.twimg.com/responsive-web/web/vendors~main.805584a4.js:57:28831
ut@https://abs.twimg.com/responsive-web/web/vendors~main.805584a4.js:57:16181
Un@https://abs.twimg.com/responsive-web/web/vendors~main.805584a4.js:57:29224
extractEvents@https://abs.twimg.com/responsive-web/web/vendors~main.805584a4.js:57:42745
pt@https://abs.twimg.com/responsive-web/web/vendors~main.805584a4.js:57:17705
F@https://abs.twimg.com/responsive-web/web/vendors~main.805584a4.js:57:114626
U@https://abs.twimg.com/responsive-web/web/vendors~main.805584a4.js:57:2166
$t@https://abs.twimg.com/responsive-web/web/vendors~main.805584a4.js:57:23703
Zt@https://abs.twimg.com/responsive-web/web/vendors~main.805584a4.js:57:22921
hf2P/t.unstable_runWithPriority@https://abs.twimg.com/responsive-web/web/main.f16fcbe4.js:9:3364
Yu@https://abs.twimg.com/responsive-web/web/vendors~main.805584a4.js:57:45057
D@https://abs.twimg.com/responsive-web/web/vendors~main.805584a4.js:57:114393
Xt@https://abs.twimg.com/responsive-web/web/vendors~main.805584a4.js:57:22736

JavaScript error: https://eus.rubiconproject.com/usync.html, line 12: SecurityError: The operation is insecure.
JavaScript error: https://eus.rubiconproject.com/usync.html, line 12: SecurityError: The operation is insecure.
JavaScript warning: https://cdnjs.cloudflare.com/ajax/libs/jquery/1.9.1/jquery.min.js, line 2: Using //@ to indicate sourceMappingURL pragmas is deprecated. Use //# instead
JavaScript warning: https://cdnjs.cloudflare.com/ajax/libs/jquery/1.9.1/jquery.min.js, line 2: Using //@ to indicate sourceMappingURL pragmas is deprecated. Use //# instead
JavaScript warning: https://confiant-integrations.global.ssl.fastly.net/gpt_v3l/202006241654/wrap.js, line 8: unreachable code after return statement
JavaScript warning: https://confiant-integrations.global.ssl.fastly.net/gpt_v3l/202006241654/wrap.js, line 8: unreachable code after return statement
JavaScript warning: https://confiant-integrations.global.ssl.fastly.net/gpt_v3l/202006241654/wrap.js, line 8: unreachable code after return statement
JavaScript warning: https://confiant-integrations.global.ssl.fastly.net/gpt_v3l/202006241654/wrap.js, line 8: unreachable code after return statement
JavaScript warning: https://confiant-integrations.global.ssl.fastly.net/gpt_v3l/202006241654/wrap.js, line 8: unreachable code after return statement
JavaScript error: https://news.google.com/swg/js/v1/swg.js, line 169: Error: No config could be discovered in the page
JavaScript warning: https://confiant-integrations.global.ssl.fastly.net/gpt_v3l/202006241654/wrap.js, line 8: unreachable code after return statement
JavaScript warning: https://confiant-integrations.global.ssl.fastly.net/gpt_v3l/202006241654/wrap.js, line 8: unreachable code after return statement
JavaScript warning: https://confiant-integrations.global.ssl.fastly.net/gpt_v3l/202006241654/wrap.js, line 8: unreachable code after return statement
JavaScript error: https://eus.rubiconproject.com/usync.html?us_privacy=1---, line 12: SecurityError: The operation is insecure.
JavaScript error: resource://gre/actors/PictureInPictureChild.jsm, line 114: InvalidStateError: An attempt was made to use an object that is not, or is no longer, usable
JavaScript error: https://savannahherald.net/famu-to-leave-meac-for-the-swac-p15710-93.htm, line 188: ReferenceError: GetTooltip2 is not defined
JavaScript error: https://savannahherald.net/famu-to-leave-meac-for-the-swac-p15710-93.htm, line 189: ReferenceError: GetTooltip3 is not defined
JavaScript error: https://savannahherald.net/famu-to-leave-meac-for-the-swac-p15710-93.htm, line 190: ReferenceError: GetTooltip4 is not defined
JavaScript error: https://jetpack.wordpress.com/jetpack-comment/?blogid=127646758&postid=45076&comment_registration=0&require_name_email=1&stc_enabled=1&stb_enabled=1&show_avatars=1&avatar_default=identicon&greeting=Leave+a+Reply&greeting_reply=Leave+a+Reply+to+%25s&color_scheme=light&lang=en_US&jetpack_version=8.6.1&show_cookie_consent=10&has_cookie_consent=0&token_key=%3Bnormal%3B&sig=ec4d6f8764266c2100d38571662e4b689de9370c#parent=https%3A%2F%2Fhbcugameday.com%2F2020%2F06%2F16%2Fdennis-thomas-named-candidate-for-2021-college-football-hall-of-fame-class%2F, line 26: NS_ERROR_FAILURE: 
JavaScript error: https://imasdk.googleapis.com/formats/outstream/versioned/prod2/outstream_web_client_20200622b_RC00/outstream.min.js, line 434: SecurityError: The operation is insecure.
JavaScript error: https://tpc.googlesyndication.com/pagead/js/r20200624/r20110914/client/qs_click_protection_fy2019.js, line 11: NS_ERROR_NOT_INITIALIZED: 
JavaScript error: https://tpc.googlesyndication.com/pagead/js/r20200624/r20110914/client/qs_click_protection_fy2019.js, line 11: NS_ERROR_NOT_INITIALIZED: 
JavaScript error: https://jetpack.wordpress.com/jetpack-comment/?blogid=127646758&postid=45076&comment_registration=0&require_name_email=1&stc_enabled=1&stb_enabled=1&show_avatars=1&avatar_default=identicon&greeting=Leave+a+Reply&greeting_reply=Leave+a+Reply+to+%25s&color_scheme=light&lang=en_US&jetpack_version=8.6.1&show_cookie_consent=10&has_cookie_consent=0&token_key=%3Bnormal%3B&sig=ec4d6f8764266c2100d38571662e4b689de9370c#parent=https%3A%2F%2Fhbcugameday.com%2F2020%2F06%2F16%2Fdennis-thomas-named-candidate-for-2021-college-football-hall-of-fame-class%2F, line 26: NS_ERROR_FAILURE: 
JavaScript error: https://www.gstatic.com/ads/ci/studio/pixelloader/1/pixelloader_min.js, line 25: TypeError: document.registerElement is not a function
JavaScript error: https://www.gstatic.com/ads/ci/studio/pixelloader/1/pixelloader_min.js, line 25: TypeError: document.registerElement is not a function
JavaScript error: https://www.gstatic.com/ads/ci/studio/pixelloader/1/pixelloader_min.js, line 25: TypeError: document.registerElement is not a function
JavaScript error: https://www.gstatic.com/ads/ci/studio/pixelloader/1/pixelloader_min.js, line 25: TypeError: document.registerElement is not a function
JavaScript error: https://www.gstatic.com/ads/ci/studio/pixelloader/1/pixelloader_min.js, line 25: TypeError: document.registerElement is not a function
JavaScript error: https://imasdk.googleapis.com/formats/outstream/versioned/prod2/outstream_web_client_20200622b_RC00/outstream.min.js, line 434: SecurityError: The operation is insecure.
JavaScript error: https://jetpack.wordpress.com/jetpack-comment/?blogid=127646758&postid=45461&comment_registration=0&require_name_email=1&stc_enabled=1&stb_enabled=1&show_avatars=1&avatar_default=identicon&greeting=Leave+a+Reply&greeting_reply=Leave+a+Reply+to+%25s&color_scheme=light&lang=en_US&jetpack_version=8.6.1&show_cookie_consent=10&has_cookie_consent=0&token_key=%3Bnormal%3B&sig=c70d468286c0c751e596754b73697849ce1be1f8#parent=https%3A%2F%2Fhbcugameday.com%2F2020%2F06%2F26%2Fhbcu-jump-hopes-to-push-top-athletes-to-hbcus%2F, line 26: NS_ERROR_FAILURE: 
JavaScript error: , line 0: uncaught exception: undefined
JavaScript error: https://jetpack.wordpress.com/jetpack-comment/?blogid=127646758&postid=45400&comment_registration=0&require_name_email=1&stc_enabled=1&stb_enabled=1&show_avatars=1&avatar_default=identicon&greeting=Leave+a+Reply&greeting_reply=Leave+a+Reply+to+%25s&color_scheme=light&lang=en_US&jetpack_version=8.6.1&show_cookie_consent=10&has_cookie_consent=0&token_key=%3Bnormal%3B&sig=4302ad8970615f4bbf3bf09fd2ee85e2789a0992#parent=https%3A%2F%2Fhbcugameday.com%2F2020%2F06%2F25%2Fbethune-cookman-university-leaving-meac-for-swac%2F, line 26: NS_ERROR_FAILURE: 
JavaScript error: https://imasdk.googleapis.com/formats/outstream/versioned/prod2/outstream_web_client_20200622b_RC00/outstream.min.js, line 434: SecurityError: The operation is insecure.
JavaScript error: https://tpc.googlesyndication.com/pagead/js/r20200624/r20110914/client/qs_click_protection_fy2019.js, line 11: NS_ERROR_NOT_INITIALIZED: 
JavaScript error: https://jetpack.wordpress.com/jetpack-comment/?blogid=127646758&postid=45135&comment_registration=0&require_name_email=1&stc_enabled=1&stb_enabled=1&show_avatars=1&avatar_default=identicon&greeting=Leave+a+Reply&greeting_reply=Leave+a+Reply+to+%25s&color_scheme=light&lang=en_US&jetpack_version=8.6.1&show_cookie_consent=10&has_cookie_consent=0&token_key=%3Bnormal%3B&sig=24fdb9654b40967f326c86d2cbc601896bf5a7dd#parent=https%3A%2F%2Fhbcugameday.com%2F2020%2F06%2F17%2Fmeac-commish-talks-realignment-expansion-and-staying-di%2F, line 26: NS_ERROR_FAILURE: 
JavaScript error: https://imasdk.googleapis.com/formats/outstream/versioned/prod2/outstream_web_client_20200622b_RC00/outstream.min.js, line 434: SecurityError: The operation is insecure.
JavaScript error: https://www.gstatic.com/ads/ci/studio/pixelloader/1/pixelloader_min.js, line 25: TypeError: document.registerElement is not a function
JavaScript warning: https://storage.proboards.com/forum/js/proboards.combined_1029.js, line 1: Script terminated by timeout at:
trigger@https://storage.proboards.com/forum/js/proboards.combined_1029.js:1:34332
simulate@https://storage.proboards.com/forum/js/proboards.combined_1029.js:1:37810
i@https://storage.proboards.com/forum/js/proboards.combined_1029.js:1:40858

1593198613839	mozrunner::runner	INFO	Running command: "/Applications/Firefox.app/Contents/MacOS/firefox-bin" "-marionette" "-foreground" "-no-remote" "-profile" "/var/folders/ql/bv564x3s5r78ydynr139d_740000gn/T/rust_mozprofilevh2LOi"
1593198616154	Marionette	INFO	Listening on port 58959
1593198616218	Marionette	WARN	TLS certificate errors will be ignored for this session
1593198651505	mozrunner::runner	INFO	Running command: "/Applications/Firefox.app/Contents/MacOS/firefox-bin" "-marionette" "-foreground" "-no-remote" "-profile" "/var/folders/ql/bv564x3s5r78ydynr139d_740000gn/T/rust_mozprofileds2BUU"
1593198653522	Marionette	INFO	Listening on port 59259
1593198653562	Marionette	WARN	TLS certificate errors will be ignored for this session
1593198783936	mozrunner::runner	INFO	Running command: "/Applications/Firefox.app/Contents/MacOS/firefox-bin" "-marionette" "-foreground" "-no-remote" "-profile" "/var/folders/ql/bv564x3s5r78ydynr139d_740000gn/T/rust_mozprofilevfO3Cx"
1593198785881	Marionette	INFO	Listening on port 59934
1593198785888	Marionette	WARN	TLS certificate errors will be ignored for this session
1593199455172	mozrunner::runner	INFO	Running command: "/Applications/Firefox.app/Contents/MacOS/firefox-bin" "-marionette" "-foreground" "-no-remote" "-profile" "/var/folders/ql/bv564x3s5r78ydynr139d_740000gn/T/rust_mozprofileAJzq3J"
1593199457111	Marionette	INFO	Listening on port 62912
1593199457129	Marionette	WARN	TLS certificate errors will be ignored for this session
console.error: "Store does not have a valid reducer. Make sure the argument passed to combineReducers is an object whose values are reducers."
1593199778731	mozrunner::runner	INFO	Running command: "/Applications/Firefox.app/Contents/MacOS/firefox-bin" "-marionette" "-foreground" "-no-remote" "-profile" "/var/folders/ql/bv564x3s5r78ydynr139d_740000gn/T/rust_mozprofileoCfe06"
1593199780647	Marionette	INFO	Listening on port 64416
1593199780701	Marionette	WARN	TLS certificate errors will be ignored for this session
1593200207650	mozrunner::runner	INFO	Running command: "/Applications/Firefox.app/Contents/MacOS/firefox-bin" "-marionette" "-foreground" "-no-remote" "-profile" "/var/folders/ql/bv564x3s5r78ydynr139d_740000gn/T/rust_mozprofileCTeeSo"
1593200209560	Marionette	INFO	Listening on port 49980
1593200209607	Marionette	WARN	TLS certificate errors will be ignored for this session
1593200406012	mozrunner::runner	INFO	Running command: "/Applications/Firefox.app/Contents/MacOS/firefox-bin" "-marionette" "-foreground" "-no-remote" "-profile" "/var/folders/ql/bv564x3s5r78ydynr139d_740000gn/T/rust_mozprofileMUhMqO"
1593200407986	Marionette	INFO	Listening on port 50976
1593200408073	Marionette	WARN	TLS certificate errors will be ignored for this session
1593200659613	mozrunner::runner	INFO	Running command: "/Applications/Firefox.app/Contents/MacOS/firefox-bin" "-marionette" "-foreground" "-no-remote" "-profile" "/var/folders/ql/bv564x3s5r78ydynr139d_740000gn/T/rust_mozprofile1mIxLu"
1593200661668	Marionette	INFO	Listening on port 52132
1593200661681	Marionette	WARN	TLS certificate errors will be ignored for this session
1593200993303	mozrunner::runner	INFO	Running command: "/Applications/Firefox.app/Contents/MacOS/firefox-bin" "-marionette" "-foreground" "-no-remote" "-profile" "/var/folders/ql/bv564x3s5r78ydynr139d_740000gn/T/rust_mozprofile2ephe5"
1593200995258	Marionette	INFO	Listening on port 53684
1593200995362	Marionette	WARN	TLS certificate errors will be ignored for this session
1593201490424	mozrunner::runner	INFO	Running command: "/Applications/Firefox.app/Contents/MacOS/firefox-bin" "-marionette" "-foreground" "-no-remote" "-profile" "/var/folders/ql/bv564x3s5r78ydynr139d_740000gn/T/rust_mozprofileDvUGsx"
1593201492423	Marionette	INFO	Listening on port 55936
1593201492494	Marionette	WARN	TLS certificate errors will be ignored for this session
1593203176344	mozrunner::runner	INFO	Running command: "/Applications/Firefox.app/Contents/MacOS/firefox-bin" "-marionette" "-foreground" "-no-remote" "-profile" "/var/folders/ql/bv564x3s5r78ydynr139d_740000gn/T/rust_mozprofile3xOnmv"
1593203178457	Marionette	INFO	Listening on port 63471
1593203178509	Marionette	WARN	TLS certificate errors will be ignored for this session
1593203399647	mozrunner::runner	INFO	Running command: "/Applications/Firefox.app/Contents/MacOS/firefox-bin" "-marionette" "-foreground" "-no-remote" "-profile" "/var/folders/ql/bv564x3s5r78ydynr139d_740000gn/T/rust_mozprofile4PaxCk"
1593203401987	Marionette	INFO	Listening on port 64556
1593203402017	Marionette	WARN	TLS certificate errors will be ignored for this session
1593204310836	mozrunner::runner	INFO	Running command: "/Applications/Firefox.app/Contents/MacOS/firefox-bin" "-marionette" "-foreground" "-no-remote" "-profile" "/var/folders/ql/bv564x3s5r78ydynr139d_740000gn/T/rust_mozprofileqKehf9"
1593204313631	Marionette	INFO	Listening on port 52346
1593204313721	Marionette	WARN	TLS certificate errors will be ignored for this session
1593204395167	mozrunner::runner	INFO	Running command: "/Applications/Firefox.app/Contents/MacOS/firefox-bin" "-marionette" "-foreground" "-no-remote" "-profile" "/var/folders/ql/bv564x3s5r78ydynr139d_740000gn/T/rust_mozprofileDuiI85"
1593204397346	Marionette	INFO	Listening on port 52843
1593204397433	Marionette	WARN	TLS certificate errors will be ignored for this session
JavaScript error: , line 0: uncaught exception: Object
console.error: PushService: 
  Failed to drop expired registrations on idle
  UnknownError
console.error: PushService: 
  Failed to drop expired registrations on idle
  UnknownError
console.error: PushService: 
console.error: PushService: 
  Failed to drop expired registrations on idle
  UnknownError
  Failed to drop expired registrations on idle
  UnknownError
console.error: PushService: 
  Failed to drop expired registrations on idle
  UnknownError
1593462360034	mozrunner::runner	INFO	Running command: "/Applications/Firefox.app/Contents/MacOS/firefox-bin" "-marionette" "-foreground" "-no-remote" "-profile" "/var/folders/ql/bv564x3s5r78ydynr139d_740000gn/T/rust_mozprofileBVbAT5"
1593462363808	Marionette	INFO	Listening on port 52865
1593462363884	Marionette	WARN	TLS certificate errors will be ignored for this session
1593462602811	mozrunner::runner	INFO	Running command: "/Applications/Firefox.app/Contents/MacOS/firefox-bin" "-marionette" "-foreground" "-no-remote" "-profile" "/var/folders/ql/bv564x3s5r78ydynr139d_740000gn/T/rust_mozprofileh2bBfI"
1593462606965	Marionette	INFO	Listening on port 54205
1593462606995	Marionette	WARN	TLS certificate errors will be ignored for this session
1593462698803	mozrunner::runner	INFO	Running command: "/Applications/Firefox.app/Contents/MacOS/firefox-bin" "-marionette" "-foreground" "-no-remote" "-profile" "/var/folders/ql/bv564x3s5r78ydynr139d_740000gn/T/rust_mozprofileLVfx1C"
1593462702035	Marionette	INFO	Listening on port 54750
1593462702139	Marionette	WARN	TLS certificate errors will be ignored for this session
1593463261308	mozrunner::runner	INFO	Running command: "/Applications/Firefox.app/Contents/MacOS/firefox-bin" "-marionette" "-foreground" "-no-remote" "-profile" "/var/folders/ql/bv564x3s5r78ydynr139d_740000gn/T/rust_mozprofilevxPH5c"
1593463264557	Marionette	INFO	Listening on port 57379
1593463264664	Marionette	WARN	TLS certificate errors will be ignored for this session
1593463283563	Marionette	WARN	TimedPromise timed out after 500 ms: stacktrace:
TimedPromise/<@chrome://marionette/content/sync.js:245:13
TimedPromise@chrome://marionette/content/sync.js:230:10
interaction.flushEventLoop@chrome://marionette/content/interaction.js:416:10
webdriverClickElement@chrome://marionette/content/interaction.js:182:31
Exiting due to channel error.
Exiting due to channel error.
Exiting due to channel error.
Exiting due to channel error.
Exiting due to channel error.
Exiting due to channel error.
Exiting due to channel error.
Exiting due to channel error.
[GFX1-]: Receive IPC close with reason=AbnormalShutdown
Exiting due to channel error.
Exiting due to channel error.
Exiting due to channel error.
Exiting due to channel error.
Exiting due to channel error.
Exiting due to channel error.
Exiting due to channel error.
Exiting due to channel error.
Exiting due to channel error.
Exiting due to channel error.
[GFX1-]: Receive IPC close with reason=AbnormalShutdown
Exiting due to channel error.
Exiting due to channel error.
Exiting due to channel error.
[GFX1-]: Receive IPC close with reason=AbnormalShutdown
Exiting due to channel error.
Exiting due to channel error.
Exiting due to channel error.
Exiting due to channel error.
Exiting due to channel error.
console.error: "Store does not have a valid reducer. Make sure the argument passed to combineReducers is an object whose values are reducers."
JavaScript error: , line 0: uncaught exception: Object
JavaScript error: , line 0: uncaught exception: Object
JavaScript error: , line 0: uncaught exception: Object
JavaScript error: , line 0: uncaught exception: Object
JavaScript error: , line 0: uncaught exception: Object
1593548618085	mozrunner::runner	INFO	Running command: "/Applications/Firefox.app/Contents/MacOS/firefox-bin" "-marionette" "-foreground" "-no-remote" "-profile" "/var/folders/ql/bv564x3s5r78ydynr139d_740000gn/T/rust_mozprofilewkIZvf"
1593548621744	Marionette	INFO	Listening on port 53875
1593548621821	Marionette	WARN	TLS certificate errors will be ignored for this session
1593548640943	Marionette	WARN	TimedPromise timed out after 500 ms: stacktrace:
TimedPromise/<@chrome://marionette/content/sync.js:245:13
TimedPromise@chrome://marionette/content/sync.js:230:10
interaction.flushEventLoop@chrome://marionette/content/interaction.js:416:10
webdriverClickElement@chrome://marionette/content/interaction.js:182:31
1593548929035	mozrunner::runner	INFO	Running command: "/Applications/Firefox.app/Contents/MacOS/firefox-bin" "-marionette" "-foreground" "-no-remote" "-profile" "/var/folders/ql/bv564x3s5r78ydynr139d_740000gn/T/rust_mozprofileptd3tD"
1593548932009	Marionette	INFO	Listening on port 56741
1593548932072	Marionette	WARN	TLS certificate errors will be ignored for this session
1593548970104	Marionette	WARN	TimedPromise timed out after 500 ms: stacktrace:
TimedPromise/<@chrome://marionette/content/sync.js:245:13
TimedPromise@chrome://marionette/content/sync.js:230:10
interaction.flushEventLoop@chrome://marionette/content/interaction.js:416:10
webdriverClickElement@chrome://marionette/content/interaction.js:182:31
1593549142845	mozrunner::runner	INFO	Running command: "/Applications/Firefox.app/Contents/MacOS/firefox-bin" "-marionette" "-foreground" "-no-remote" "-profile" "/var/folders/ql/bv564x3s5r78ydynr139d_740000gn/T/rust_mozprofilesG5wWK"
1593549145525	Marionette	INFO	Listening on port 58748
1593549145540	Marionette	WARN	TLS certificate errors will be ignored for this session
1593549168834	Marionette	WARN	TimedPromise timed out after 500 ms: stacktrace:
TimedPromise/<@chrome://marionette/content/sync.js:245:13
TimedPromise@chrome://marionette/content/sync.js:230:10
interaction.flushEventLoop@chrome://marionette/content/interaction.js:416:10
webdriverClickElement@chrome://marionette/content/interaction.js:182:31
1593549266975	mozrunner::runner	INFO	Running command: "/Applications/Firefox.app/Contents/MacOS/firefox-bin" "-marionette" "-foreground" "-no-remote" "-profile" "/var/folders/ql/bv564x3s5r78ydynr139d_740000gn/T/rust_mozprofilec9Se0e"
1593549269793	Marionette	INFO	Listening on port 59974
1593549269809	Marionette	WARN	TLS certificate errors will be ignored for this session
Exiting due to channel error.
Exiting due to channel error.
Exiting due to channel error.
Exiting due to channel error.
Exiting due to channel error.
Exiting due to channel error.
Exiting due to channel error.
Exiting due to channel error.
Exiting due to channel error.
Exiting due to channel error.
[GFX1-]: Receive IPC close with reason=AbnormalShutdown
Exiting due to channel error.
Exiting due to channel error.
Exiting due to channel error.
Exiting due to channel error.
Exiting due to channel error.
Exiting due to channel error.
Exiting due to channel error.
Exiting due to channel error.
Exiting due to channel error.
Exiting due to channel error.
[GFX1-]: Receive IPC close with reason=AbnormalShutdown
Exiting due to channel error.
Exiting due to channel error.
Exiting due to channel error.
Exiting due to channel error.
Exiting due to channel error.
Exiting due to channel error.
Exiting due to channel error.
Exiting due to channel error.
Exiting due to channel error.
[GFX1-]: Receive IPC close with reason=AbnormalShutdown
Exiting due to channel error.
Exiting due to channel error.
Exiting due to channel error.
Exiting due to channel error.
Exiting due to channel error.
Exiting due to channel error.
Exiting due to channel error.
Exiting due to channel error.
Exiting due to channel error.
console.error: "Store does not have a valid reducer. Make sure the argument passed to combineReducers is an object whose values are reducers."
JavaScript error: http://www.tagged.com/messages.html?source=h&dataSource=Messages&ll=nav, line 8: ReferenceError: osdlfm is not defined
JavaScript error: https://cdn.ampproject.org/rtv/012006230309000/amp4ads-v0.js, line 28: Error: Failed to load: https://tpc.googlesyndication.com/simgad/12315908066871574830/downsize_200k_v1?sqp=4sqPyQSLAUKIAQgAEhQNzczMPhUAAABAHQAAAAAlAAAAABgAIgoNAACAPxUAAIA_Kk8IWhABHQAAtEIgASgBMAY4A0CAwtcvSABQAFgAYFpwAngAgAEAiAEAkAEAnQEAAIA_oAEAqAEAsAGAreIEuAH___________8BxQEtsp0-Mg8I2AQQ2AQYASABLQAAAD8&rs=AOga4qkV0L1F21RxzkbyJSGnDIm4UPS9Dw
JavaScript error: https://cdn.ampproject.org/rtv/012006230309000/amp4ads-v0.js, line 28: Error: Failed to load: https://tpc.googlesyndication.com/pagead/images/adchoices/en.png
JavaScript error: https://cdn.ampproject.org/rtv/012006230309000/amp4ads-v0.js, line 28: Error: Failed to load: https://tpc.googlesyndication.com/pagead/images/adchoices/en.png
JavaScript error: https://cdn.ampproject.org/rtv/012006230309000/amp4ads-v0.js, line 28: Error: Failed to load: https://tpc.googlesyndication.com/simgad/17481818808723606966?sqp=4sqPyQQrQikqJwhfEAEdAAC0QiABKAEwCTgDQPCTCUgAUAFYAWBfcAJ4AcUBLbKdPg&rs=AOga4qnku-eOSlt9bEKRk6DOx9PG5z13Vw
JavaScript error: https://cdn.ampproject.org/rtv/012006230309000/amp4ads-v0.js, line 28: Error: Failed to load: https://tpc.googlesyndication.com/pagead/images/adchoices/icon.png
JavaScript error: https://cdn.ampproject.org/rtv/012006230309000/amp4ads-v0.js, line 28: Error: Failed to load: https://tpc.googlesyndication.com/pagead/images/adchoices/icon.png
JavaScript error: https://cdn.ampproject.org/rtv/012006230309000/amp4ads-v0.js, line 28: Error: Failed to load: https://tpc.googlesyndication.com/simgad/15165010231175105117/downsize_200k_v1?sqp=4sqPyQSVAUKSAQgAEhQNzczMPhUAAABAHQAAAAAlAAAAABgAIgoNAACAPxUAAIA_Kk8IWhABHQAAtEIgASgBMAY4A0CAwtcvSABQAFgAYFpwAngAgAEAiAEAkAEAnQEAAIA_oAEAqAEAsAGAreIEuAH___________8BxQEtsp0-MhkI2AIQtAEYASABLQAAAD8wrAE4WkUAAABA&rs=AOga4qnkHE6Ue4-syxkExB5wcTA3JZ3jqA
JavaScript error: , line 0: uncaught exception: undefined
JavaScript error: https://secure.tagged.com/vip/subscribe.html?headline=likesyou&ll=meetme_likes_you_redirect_1, line 311: ReferenceError: COMSCORE is not defined
JavaScript error: https://cdn.ampproject.org/rtv/012006230309000/amp4ads-v0.js, line 28: Error: Failed to load: https://tpc.googlesyndication.com/pagead/images/adchoices/icon.png
JavaScript error: https://cdn.ampproject.org/rtv/012006230309000/amp4ads-v0.js, line 28: Error: Failed to load: https://tpc.googlesyndication.com/simgad/15748265024594155097
JavaScript error: https://cdn.ampproject.org/rtv/012006230309000/amp4ads-v0.js, line 28: Error: Failed to load: https://tpc.googlesyndication.com/simgad/17090925531582978320/downsize_200k_v1?sqp=4sqPyQR5QncIABIUDc3MzD4VAAAAQB0AAAAAJQAAAAAYACIKDQAAgD8VAACAPypPCFoQAR0AALRCIAEoATAGOANAgMLXL0gAUABYAGBacAJ4AIABAIgBAJABAJ0BAACAP6ABAKgBALABgK3iBLgB____________AcUBLbKdPg&rs=AOga4qnz2IA5aL0h-3n62wUNkbrEwbnChQ
JavaScript error: https://cdn.ampproject.org/rtv/012006230309000/amp4ads-v0.js, line 28: Error: Failed to load: https://tpc.googlesyndication.com/simgad/6660501251996765794/downsize_200k_v1?sqp=4sqPyQSVAUKSAQgAEhQNzczMPhUAAABAHQAAAAAlAAAAABgAIgoNAACAPxUAAIA_Kk8IWhABHQAAtEIgASgBMAY4A0CAwtcvSABQAFgAYFpwAngAgAEAiAEAkAEAnQEAAIA_oAEAqAEAsAGAreIEuAH___________8BxQEtsp0-MhkI2AIQtAEYASABLQAAAD8wrAE4WkUAAABA&rs=AOga4qlzn7_b270aIIxkEV2kFu9ZXaoChQ
JavaScript error: https://cdn.ampproject.org/rtv/012006230309000/amp4ads-v0.js, line 28: Error: Failed to load: https://tpc.googlesyndication.com/pagead/images/adchoices/icon.png
JavaScript error: http://x.tagstat.com/dyn/js/q/4FQjvGuQl_cl.js, line 624: TypeError: this.logMessageCenterEntry is not a function
JavaScript error: https://eus.rubiconproject.com/usync.html, line 12: SecurityError: The operation is insecure.
JavaScript warning: https://aws-cf.onlinebootycall.com/javascript/all-min-3dfed1a070af5f5bbdd1eb21df8bb3fd.js?cref=1.1, line 2: Using //@ to indicate sourceMappingURL pragmas is deprecated. Use //# instead
JavaScript warning: https://aws-cf.onlinebootycall.com/javascript/all-min-3dfed1a070af5f5bbdd1eb21df8bb3fd.js?cref=1.1, line 2: Using //@ to indicate sourceMappingURL pragmas is deprecated. Use //# instead
JavaScript warning: https://aws-cf.onlinebootycall.com/javascript/all-min-3dfed1a070af5f5bbdd1eb21df8bb3fd.js?cref=1.1, line 2: Using //@ to indicate sourceMappingURL pragmas is deprecated. Use //# instead
JavaScript warning: https://aws-cf.onlinebootycall.com/javascript/all-min-3dfed1a070af5f5bbdd1eb21df8bb3fd.js?cref=1.1, line 2: Using //@ to indicate sourceMappingURL pragmas is deprecated. Use //# instead
JavaScript error: https://cdn.ampproject.org/rtv/012006230309000/amp4ads-v0.js, line 28: Error: Failed to load: https://tpc.googlesyndication.com/simgad/14621399940237275235?sqp=4sqPyQQ7QjkqNxABHQAAtEIgASgBMAk4A0DwkwlYAWBfcAKAAQGIAQGdAQAAgD-oAQGwAYCt4gS4AV_FAS2ynT4&rs=AOga4qk48h13QRvfzb4RJaLZwlTuWbToNQ
JavaScript error: https://cdn.ampproject.org/rtv/012006230309000/amp4ads-v0.js, line 28: Error: Failed to load: https://tpc.googlesyndication.com/pagead/images/adchoices/en.png
JavaScript error: https://cdn.ampproject.org/rtv/012006230309000/amp4ads-v0.js, line 28: Error: Failed to load: https://tpc.googlesyndication.com/pagead/images/adchoices/en.png
JavaScript error: https://cdn.ampproject.org/rtv/012006230309000/amp4ads-v0.js, line 28: Error: Failed to load: https://tpc.googlesyndication.com/simgad/17481818808723606966?sqp=4sqPyQQrQikqJwhfEAEdAAC0QiABKAEwCTgDQPCTCUgAUAFYAWBfcAJ4AcUBLbKdPg&rs=AOga4qnku-eOSlt9bEKRk6DOx9PG5z13Vw
JavaScript error: https://eus.rubiconproject.com/usync.html?gdpr=0&gdpr_consent=, line 12: SecurityError: The operation is insecure.
JavaScript error: https://tpc.googlesyndication.com/pagead/js/r20200624/r20110914/client/qs_click_protection_fy2019.js, line 11: NS_ERROR_NOT_INITIALIZED: 
JavaScript error: https://tpc.googlesyndication.com/pagead/js/r20200624/r20110914/client/qs_click_protection_fy2019.js, line 11: NS_ERROR_NOT_INITIALIZED: 
JavaScript error: http://x.tagstat.com/dyn/js/8/OYrnr1Tk6_cl.js, line 125: ReferenceError: io is not defined
JavaScript error: http://x.tagstat.com/dyn/js/8/OYrnr1Tk6_cl.js, line 125: ReferenceError: io is not defined
JavaScript error: https://eus.rubiconproject.com/usync.html?gdpr=0&gdpr_consent=, line 12: SecurityError: The operation is insecure.
JavaScript error: http://x.tagstat.com/dyn/js/q/4FQjvGuQl_cl.js, line 624: TypeError: this.logMessageCenterEntry is not a function
JavaScript error: https://eus.rubiconproject.com/usync.html?gdpr=0&gdpr_consent=, line 12: SecurityError: The operation is insecure.
JavaScript error: https://eus.rubiconproject.com/usync.html?gdpr=0&gdpr_consent=, line 12: SecurityError: The operation is insecure.
JavaScript error: http://x.tagstat.com/dyn/js/8/OYrnr1Tk6_cl.js, line 125: ReferenceError: io is not defined
JavaScript error: https://eus.rubiconproject.com/usync.html?gdpr=0&gdpr_consent=, line 12: SecurityError: The operation is insecure.
JavaScript error: https://eus.rubiconproject.com/usync.html?gdpr=0&gdpr_consent=, line 12: SecurityError: The operation is insecure.
JavaScript error: http://www.tagged.com/mraid.js, line 2: SyntaxError: expected expression, got '<'
JavaScript error: http://www.tagged.com/mraid.js, line 2: SyntaxError: expected expression, got '<'
console.error: "Error while calling actor 'pagestyle's method 'getLayout'" "node is null"
console.error: "getLayout@resource://devtools/server/actors/styles.js:944:5\nhandler@resource://devtools/shared/protocol/Actor.js:154:37\nonPacket@resource://devtools/server/devtools-server-connection.js:380:58\nreceiveMessage@resource://devtools/shared/transport/child-transport.js:66:16\n"
console.error: (new Error("Protocol error (unknownError): node is null from: server0.conn0.child2/pagestyle25", "resource://devtools/shared/protocol/Front.js", 319))
JavaScript error: resource://gre/actors/AutoCompleteChild.jsm, line 196: Error: Invalid autocomplete selectedIndex
JavaScript error: resource://gre/actors/AutoCompleteChild.jsm, line 196: Error: Invalid autocomplete selectedIndex
JavaScript error: resource://gre/modules/LoginManagerChild.jsm, line 174: NS_ERROR_XPC_JAVASCRIPT_ERROR_WITH_DETAILS: [JavaScript Error: "Invalid autocomplete selectedIndex" {file: "resource://gre/actors/AutoCompleteChild.jsm" line: 196}]'[JavaScript Error: "Invalid autocomplete selectedIndex" {file: "resource://gre/actors/AutoCompleteChild.jsm" line: 196}]' when calling method: [nsIAutoCompletePopup::selectedIndex]
console.error: PushService: 
  Failed to drop expired registrations on idle
  UnknownError
console.error: PushService: 
  Failed to drop expired registrations on idle
  UnknownError
console.error: PushService: 
  Failed to drop expired registrations on idle
  UnknownError
console.error: PushService: 
  Failed to drop expired registrations on idle
  UnknownError
console.error: PushService: 
  Failed to drop expired registrations on idle
  UnknownError
WARNING: At least one completion condition is taking too long to complete. Conditions: [{"name":"SessionStore: flushing all windows","state":{"total":2,"current":0},"filename":"resource:///modules/sessionstore/SessionStore.jsm","lineNumber":2205,"stack":["resource:///modules/sessionstore/SessionStore.jsm:ssi_onQuitApplicationGranted:2205","resource:///modules/sessionstore/SessionStore.jsm:ssi_observe:915"]}] Barrier: quit-application-granted
JavaScript error: , line 0: AbortError: A request was aborted, for example through a call to IDBTransaction.abort.
JavaScript error: , line 0: uncaught exception: null
1593713812327	Marionette	INFO	Stopped listening on port 63555
JavaScript error: , line 0: AbortError: A request was aborted, for example through a call to IDBTransaction.abort.
JavaScript error: , line 0: uncaught exception: null
1593713861220	Marionette	INFO	Stopped listening on port 62677
JavaScript error: , line 0: AbortError: A request was aborted, for example through a call to IDBTransaction.abort.
JavaScript error: , line 0: uncaught exception: null

###!!! [Child][MessageChannel] Error: (msgtype=0x6B0029,name=PNecko::Msg_RemoveRequestContext) Channel closing: too late to send/recv, messages will be lost

1593713865460	Marionette	INFO	Stopped listening on port 62070
JavaScript error: , line 0: AbortError: A request was aborted, for example through a call to IDBTransaction.abort.
JavaScript error: , line 0: uncaught exception: null
1593713867537	Marionette	INFO	Stopped listening on port 61432
JavaScript error: , line 0: AbortError: A request was aborted, for example through a call to IDBTransaction.abort.
JavaScript error: , line 0: uncaught exception: null
1593713868942	Marionette	INFO	Stopped listening on port 50704
2020-07-02 14:21:23.613 firefox-bin[10787:902208] HIToolbox: received notification of WindowServer event port death.
2020-07-02 14:21:23.613 firefox-bin[10787:902208] port matched the WindowServer port created in BindCGSToRunLoop
1596056685451	mozrunner::runner	INFO	Running command: "/Applications/Firefox.app/Contents/MacOS/firefox-bin" "-marionette" "-foreground" "-no-remote" "-profile" "/var/folders/ql/bv564x3s5r78ydynr139d_740000gn/T/rust_mozprofileQneiUV"
1596056687687	Marionette	INFO	Listening on port 49250
1596056687736	Marionette	WARN	TLS certificate errors will be ignored for this session
1596057239032	mozrunner::runner	INFO	Running command: "/Applications/Firefox.app/Contents/MacOS/firefox-bin" "-marionette" "-foreground" "-no-remote" "-profile" "/var/folders/ql/bv564x3s5r78ydynr139d_740000gn/T/rust_mozprofileoPBAvV"
1596057241153	Marionette	INFO	Listening on port 51992
1596057241187	Marionette	WARN	TLS certificate errors will be ignored for this session
JavaScript error: resource://gre/modules/XULStore.jsm, line 66: Error: Can't find profile directory.
JavaScript error: resource://gre/modules/XULStore.jsm, line 66: Error: Can't find profile directory.
1596057457747	mozrunner::runner	INFO	Running command: "/Applications/Firefox.app/Contents/MacOS/firefox-bin" "-marionette" "-foreground" "-no-remote" "-profile" "/var/folders/ql/bv564x3s5r78ydynr139d_740000gn/T/rust_mozprofileCpaqUy"
1596057459705	Marionette	INFO	Listening on port 53133
1596057459813	Marionette	WARN	TLS certificate errors will be ignored for this session
JavaScript error: resource://gre/modules/XULStore.jsm, line 66: Error: Can't find profile directory.
JavaScript error: resource://gre/modules/XULStore.jsm, line 66: Error: Can't find profile directory.
1596057706463	mozrunner::runner	INFO	Running command: "/Applications/Firefox.app/Contents/MacOS/firefox-bin" "-marionette" "-foreground" "-no-remote" "-profile" "/var/folders/ql/bv564x3s5r78ydynr139d_740000gn/T/rust_mozprofiled1j0JA"
1596057708553	Marionette	INFO	Listening on port 54704
1596057708615	Marionette	WARN	TLS certificate errors will be ignored for this session
1596057719423	Marionette	WARN	TimedPromise timed out after 5000 ms: stacktrace:
TimedPromise/<@chrome://marionette/content/sync.js:245:13
TimedPromise@chrome://marionette/content/sync.js:230:10
GeckoDriver.prototype.minimizeWindow@chrome://marionette/content/driver.js:3179:11
Marionette threw an error: [Exception... "Component not initialized"  nsresult: "0xc1f30001 (NS_ERROR_NOT_INITIALIZED)"  location: "JS frame :: chrome://marionette/content/dom.js :: removeEventListener :: line 96"  data: no]
removeEventListener@chrome://marionette/content/dom.js:96:19
GeckoDriver.prototype.minimizeWindow@chrome://marionette/content/driver.js:3187:14

1596057742776	mozrunner::runner	INFO	Running command: "/Applications/Firefox.app/Contents/MacOS/firefox-bin" "-marionette" "-foreground" "-no-remote" "-profile" "/var/folders/ql/bv564x3s5r78ydynr139d_740000gn/T/rust_mozprofilefMXVwC"
1596057744899	Marionette	INFO	Listening on port 54967
1596057744938	Marionette	WARN	TLS certificate errors will be ignored for this session
1596137442107	Marionette	INFO	Stopped listening on port 49250
1596578215614	mozrunner::runner	INFO	Running command: "/Applications/Firefox.app/Contents/MacOS/firefox-bin" "-marionette" "-foreground" "-no-remote" "-profile" "/var/folders/ql/bv564x3s5r78ydynr139d_740000gn/T/rust_mozprofilew6brDS"
console.error: SearchCache: "_readCacheFile: Error reading cache file:" (new Error("", "(unknown module)"))
1596578218132	Marionette	INFO	Listening on port 49992
1596578218226	Marionette	WARN	TLS certificate errors will be ignored for this session
1596578223314	Marionette	WARN	TimedPromise timed out after 500 ms: stacktrace:
TimedPromise/<@chrome://marionette/content/sync.js:245:13
TimedPromise@chrome://marionette/content/sync.js:230:10
interaction.flushEventLoop@chrome://marionette/content/interaction.js:416:10
webdriverClickElement@chrome://marionette/content/interaction.js:182:31
1596578239242	Marionette	WARN	TimedPromise timed out after 500 ms: stacktrace:
TimedPromise/<@chrome://marionette/content/sync.js:245:13
TimedPromise@chrome://marionette/content/sync.js:230:10
interaction.flushEventLoop@chrome://marionette/content/interaction.js:416:10
webdriverClickElement@chrome://marionette/content/interaction.js:182:31
JavaScript warning: https://rahulshettyacademy.com/angularpractice/scripts.6cc4e781f0791d60b349.bundle.js, line 1: Script terminated by timeout at:
m@https://rahulshettyacademy.com/angularpractice/scripts.6cc4e781f0791d60b349.bundle.js:1:565
trigger@https://rahulshettyacademy.com/angularpractice/scripts.6cc4e781f0791d60b349.bundle.js:1:68764
simulate@https://rahulshettyacademy.com/angularpractice/scripts.6cc4e781f0791d60b349.bundle.js:1:69562
n@https://rahulshettyacademy.com/angularpractice/scripts.6cc4e781f0791d60b349.bundle.js:1:69851
ZSR1/</</</u</t.prototype.invokeTask@https://rahulshettyacademy.com/angularpractice/polyfills.b6b2cd0d4c472ac3ac12.bundle.js:1:19353
ZSR1/</</</i</e.prototype.runTask@https://rahulshettyacademy.com/angularpractice/polyfills.b6b2cd0d4c472ac3ac12.bundle.js:1:14537
ZSR1/</</</c</e.invokeTask@https://rahulshettyacademy.com/angularpractice/polyfills.b6b2cd0d4c472ac3ac12.bundle.js:1:20443
k@https://rahulshettyacademy.com/angularpractice/polyfills.b6b2cd0d4c472ac3ac12.bundle.js:1:31400
m@https://rahulshettyacademy.com/angularpractice/polyfills.b6b2cd0d4c472ac3ac12.bundle.js:1:31812

JavaScript error: https://www.samsclub.com/js/vendors.desktop.93097d3828d0a983eeca.js, line 57: Error: //www.googletagservices.com/tag/js/gpt.js
JavaScript error: https://www.samsclub.com/js/vendors.desktop.93097d3828d0a983eeca.js, line 57: Error: //www.googletagservices.com/tag/js/gpt.js
JavaScript error: https://www.samsclub.com/js/vendors.desktop.93097d3828d0a983eeca.js, line 57: Error: //www.googletagservices.com/tag/js/gpt.js
JavaScript error: https://www.samsclub.com/js/vendors.desktop.93097d3828d0a983eeca.js, line 57: Error: //www.googletagservices.com/tag/js/gpt.js
JavaScript error: https://www.samsclub.com/js/vendors.desktop.93097d3828d0a983eeca.js, line 57: Error: //www.googletagservices.com/tag/js/gpt.js
1596658743315	mozrunner::runner	INFO	Running command: "/Applications/Firefox.app/Contents/MacOS/firefox-bin" "-marionette" "-foreground" "-no-remote" "-profile" "/var/folders/ql/bv564x3s5r78ydynr139d_740000gn/T/rust_mozprofileh5ZgD6"
console.error: SearchCache: "_readCacheFile: Error reading cache file:" (new Error("", "(unknown module)"))
1596658745511	Marionette	INFO	Listening on port 53731
1596658745616	Marionette	WARN	TLS certificate errors will be ignored for this session
JavaScript error: https://www.gstatic.com/mysidia/86da6f92074699837f72b526eacbaee5.js?tag=video_mra/web_raspberry, line 177: SecurityError: The operation is insecure.
A content process crashed and MOZ_CRASHREPORTER_SHUTDOWN is set, shutting down
JavaScript error: https://mail.google.com/_/scs/mail-static/_/js/k=gmail.main.en.-uI5gyOMLnI.O/am=1-v_S3hA6IvAn50RgxgAgPFc0FSqtN_wTpw6_Rd8SKDvMXkYDnHgAeh_EP0AAAAAAAAAAAAAAAAAAACgH5QBlQ/d=1/im=1/dg=0/ct=zgms/rs=AHGWq9B5saTdJptHA383yP-iQRPNdW4cBQ/m=b, line 1085: NS_ERROR_NOT_INITIALIZED: 
1596694639219	Marionette	INFO	Stopped listening on port 49992
JavaScript warning: https://static.xx.fbcdn.net/rsrc.php/v3/y2/r/-23shfn_fU7.js?_nc_x=Ij3Wp8lg5Kz, line 84: Script terminated by timeout at:
applyWithGuard@https://static.xx.fbcdn.net/rsrc.php/v3/y2/r/-23shfn_fU7.js?_nc_x=Ij3Wp8lg5Kz:84:338
s</c.fire@https://static.xx.fbcdn.net/rsrc.php/v3/y2/r/-23shfn_fU7.js?_nc_x=Ij3Wp8lg5Kz:267:7546
r<@https://static.xx.fbcdn.net/rsrc.php/v3/y2/r/-23shfn_fU7.js?_nc_x=Ij3Wp8lg5Kz:267:6721
applyWithGuard@https://static.xx.fbcdn.net/rsrc.php/v3/y2/r/-23shfn_fU7.js?_nc_x=Ij3Wp8lg5Kz:84:632
d@https://static.xx.fbcdn.net/rsrc.php/v3/y2/r/-23shfn_fU7.js?_nc_x=Ij3Wp8lg5Kz:285:2692
a/<@https://static.xx.fbcdn.net/rsrc.php/v3/y2/r/-23shfn_fU7.js?_nc_x=Ij3Wp8lg5Kz:253:197

JavaScript error: resource://gre/actors/PictureInPictureChild.jsm, line 114: InvalidStateError: An attempt was made to use an object that is not, or is no longer, usable
JavaScript error: resource://gre/actors/PictureInPictureChild.jsm, line 114: InvalidStateError: An attempt was made to use an object that is not, or is no longer, usable
JavaScript error: https://static.trafficjunky.com/invocation/popunder/production/popunder.min.js, line 1: TypeError: t.className.indexOf is not a function
JavaScript error: https://static.trafficjunky.com/invocation/popunder/production/popunder.min.js, line 1: TypeError: t.className.indexOf is not a function
JavaScript error: resource://gre/actors/PictureInPictureChild.jsm, line 114: InvalidStateError: An attempt was made to use an object that is not, or is no longer, usable
JavaScript error: https://static.trafficjunky.com/invocation/popunder/production/popunder.min.js, line 1: TypeError: t.className.indexOf is not a function
JavaScript error: resource://gre/actors/PictureInPictureChild.jsm, line 114: InvalidStateError: An attempt was made to use an object that is not, or is no longer, usable
JavaScript error: https://static.trafficjunky.com/invocation/popunder/production/popunder.min.js, line 1: TypeError: t.className.indexOf is not a function
JavaScript error: resource://gre/actors/PictureInPictureChild.jsm, line 114: InvalidStateError: An attempt was made to use an object that is not, or is no longer, usable
JavaScript error: resource://gre/actors/PictureInPictureChild.jsm, line 114: InvalidStateError: An attempt was made to use an object that is not, or is no longer, usable
JavaScript error: resource://gre/actors/PictureInPictureChild.jsm, line 114: InvalidStateError: An attempt was made to use an object that is not, or is no longer, usable
JavaScript error: https://static.trafficjunky.com/invocation/popunder/production/popunder.min.js, line 1: TypeError: t.className.indexOf is not a function
JavaScript error: https://static.trafficjunky.com/invocation/popunder/production/popunder.min.js, line 1: TypeError: t.className.indexOf is not a function
JavaScript error: resource://gre/actors/PictureInPictureChild.jsm, line 114: InvalidStateError: An attempt was made to use an object that is not, or is no longer, usable
JavaScript error: resource://gre/actors/PictureInPictureChild.jsm, line 114: InvalidStateError: An attempt was made to use an object that is not, or is no longer, usable
JavaScript error: https://static.trafficjunky.com/invocation/popunder/production/popunder.min.js, line 1: TypeError: t.className.indexOf is not a function
JavaScript error: https://www.pornhub.com/video/search?search=thick+black+granny&page=3, line 1: TypeError: ga(...) is not a function
JavaScript error: resource://gre/actors/PictureInPictureChild.jsm, line 114: InvalidStateError: An attempt was made to use an object that is not, or is no longer, usable
JavaScript error: https://cdn1d-static-shared.phncdn.com/tubes-2.0.4.js, line 1: TypeError: mgPerformanceTimingSettings is undefined
JavaScript error: https://cdn1d-static-shared.phncdn.com/tubes-2.0.4.js, line 1: TypeError: mgPerformanceTimingSettings is undefined
JavaScript error: resource://gre/actors/PictureInPictureChild.jsm, line 114: InvalidStateError: An attempt was made to use an object that is not, or is no longer, usable
JavaScript error: chrome://browser/content/browser-gestureSupport.js, line 486: TypeError: window.content is null
JavaScript error: resource://gre/actors/PictureInPictureChild.jsm, line 114: InvalidStateError: An attempt was made to use an object that is not, or is no longer, usable
JavaScript error: resource://gre/actors/PictureInPictureChild.jsm, line 114: InvalidStateError: An attempt was made to use an object that is not, or is no longer, usable
JavaScript error: https://static.trafficjunky.com/invocation/popunder/production/popunder.min.js, line 1: TypeError: t.className.indexOf is not a function
JavaScript error: https://www.pornhubpremium.com/premium_signup?ats=eyJhIjoyNiwibiI6MywicyI6MiwiZSI6OTQxOCwicCI6NSwiY24iOiJWaWRQZy1wcmVtVmlkLVNlYXJjaFBhZ2VfQzAwMF81Ml8wXzQyIn0%3D&join=52&pp=42&viewkey=ph5c785ba7a962a, line 1577: ReferenceError: page_params is not defined
JavaScript error: resource://gre/actors/PictureInPictureChild.jsm, line 114: InvalidStateError: An attempt was made to use an object that is not, or is no longer, usable
JavaScript error: resource://gre/actors/PictureInPictureChild.jsm, line 114: InvalidStateError: An attempt was made to use an object that is not, or is no longer, usable
JavaScript error: resource://gre/actors/PictureInPictureChild.jsm, line 114: InvalidStateError: An attempt was made to use an object that is not, or is no longer, usable
JavaScript error: resource://gre/actors/PictureInPictureChild.jsm, line 114: InvalidStateError: An attempt was made to use an object that is not, or is no longer, usable
JavaScript error: resource://gre/actors/PictureInPictureChild.jsm, line 114: InvalidStateError: An attempt was made to use an object that is not, or is no longer, usable
JavaScript error: https://static.trafficjunky.com/invocation/popunder/production/popunder.min.js, line 1: TypeError: t.className.indexOf is not a function
JavaScript warning: https://aws-cf.onlinebootycall.com/javascript/all-min-3dfed1a070af5f5bbdd1eb21df8bb3fd.js?cref=1.1, line 2: Using //@ to indicate sourceMappingURL pragmas is deprecated. Use //# instead
JavaScript warning: https://aws-cf.onlinebootycall.com/javascript/all-min-3dfed1a070af5f5bbdd1eb21df8bb3fd.js?cref=1.1, line 2: Using //@ to indicate sourceMappingURL pragmas is deprecated. Use //# instead
JavaScript warning: https://aws-cf.onlinebootycall.com/javascript/all-min-3dfed1a070af5f5bbdd1eb21df8bb3fd.js?cref=1.1, line 2: Using //@ to indicate sourceMappingURL pragmas is deprecated. Use //# instead
JavaScript warning: https://aws-cf.onlinebootycall.com/javascript/all-min-3dfed1a070af5f5bbdd1eb21df8bb3fd.js?cref=1.1, line 2: Using //@ to indicate sourceMappingURL pragmas is deprecated. Use //# instead
[Child 73902, MediaDecoderStateMachine #1] WARNING: Decoder=149ce7c00 state=DECODING_METADATA Decode metadata failed, shutting down decoder: file /builds/worker/checkouts/gecko/dom/media/MediaDecoderStateMachine.cpp, line 376
[Child 73902, MediaDecoderStateMachine #1] WARNING: Decoder=149ce7c00 Decode error: NS_ERROR_DOM_MEDIA_METADATA_ERR (0x806e0006) - static MP4Metadata::ResultAndByteBuffer mozilla::MP4Metadata::Metadata(mozilla::ByteStream *): Cannot parse metadata: file /builds/worker/checkouts/gecko/dom/media/MediaDecoderStateMachine.cpp, line 3470
JavaScript error: https://www.onlinebootycall.com/messages/message-sent.php?msg_page=, line 3: ReferenceError: GS_googleAddAdSenseService is not defined
JavaScript error: https://www.onlinebootycall.com/messages/message-sent.php?msg_page=, line 7: ReferenceError: GA_googleAddSlot is not defined
JavaScript error: https://www.onlinebootycall.com/messages/message-sent.php?msg_page=, line 9: ReferenceError: GA_googleAddAttr is not defined
JavaScript error: https://www.onlinebootycall.com/messages/message-sent.php?msg_page=, line 16: ReferenceError: GA_googleFetchAds is not defined
JavaScript error: https://www.onlinebootycall.com/messages/message-sent.php?msg_page=, line 560: ReferenceError: GA_googleFillSlot is not defined
JavaScript error: https://ak-cdn.placelocal.com/js/vendor/sp-2.4.3.js, line 13: SecurityError: The operation is insecure.
1596734297298	Marionette	INFO	Stopped listening on port 53731
1596743392314	mozrunner::runner	INFO	Running command: "/Applications/Firefox.app/Contents/MacOS/firefox-bin" "-marionette" "-foreground" "-no-remote" "-profile" "/var/folders/ql/bv564x3s5r78ydynr139d_740000gn/T/rust_mozprofileOS2i9a"
console.error: SearchCache: "_readCacheFile: Error reading cache file:" (new Error("", "(unknown module)"))
1596743394874	Marionette	INFO	Listening on port 56608
1596743394950	Marionette	WARN	TLS certificate errors will be ignored for this session
1596743485835	mozrunner::runner	INFO	Running command: "/Applications/Firefox.app/Contents/MacOS/firefox-bin" "-marionette" "-foreground" "-no-remote" "-profile" "/var/folders/ql/bv564x3s5r78ydynr139d_740000gn/T/rust_mozprofileHOjAv3"
console.error: SearchCache: "_readCacheFile: Error reading cache file:" (new Error("", "(unknown module)"))
1596743487964	Marionette	INFO	Listening on port 57288
1596743488018	Marionette	WARN	TLS certificate errors will be ignored for this session
1596743656715	mozrunner::runner	INFO	Running command: "/Applications/Firefox.app/Contents/MacOS/firefox-bin" "-marionette" "-foreground" "-no-remote" "-profile" "/var/folders/ql/bv564x3s5r78ydynr139d_740000gn/T/rust_mozprofile8XJHJc"
console.error: SearchCache: "_readCacheFile: Error reading cache file:" (new Error("", "(unknown module)"))
1596743659058	Marionette	INFO	Listening on port 58229
1596743659110	Marionette	WARN	TLS certificate errors will be ignored for this session
1596743766163	mozrunner::runner	INFO	Running command: "/Applications/Firefox.app/Contents/MacOS/firefox-bin" "-marionette" "-foreground" "-no-remote" "-profile" "/var/folders/ql/bv564x3s5r78ydynr139d_740000gn/T/rust_mozprofileEJs31S"
console.error: SearchCache: "_readCacheFile: Error reading cache file:" (new Error("", "(unknown module)"))
1596743768488	Marionette	INFO	Listening on port 58830
1596743768553	Marionette	WARN	TLS certificate errors will be ignored for this session
JavaScript warning: https://confiant-integrations.global.ssl.fastly.net/gpt/202001101133/wrap.js, line 8: unreachable code after return statement
JavaScript warning: https://confiant-integrations.global.ssl.fastly.net/gpt/202001101133/wrap.js, line 8: unreachable code after return statement
JavaScript warning: https://confiant-integrations.global.ssl.fastly.net/gpt/202001101133/wrap.js, line 8: unreachable code after return statement
JavaScript warning: https://confiant-integrations.global.ssl.fastly.net/gpt/202001101133/wrap.js, line 8: unreachable code after return statement
JavaScript warning: https://confiant-integrations.global.ssl.fastly.net/gpt/202001101133/wrap.js, line 8: unreachable code after return statement
JavaScript warning: https://confiant-integrations.global.ssl.fastly.net/gpt/202001101133/wrap.js, line 8: unreachable code after return statement
JavaScript warning: https://confiant-integrations.global.ssl.fastly.net/gpt/202001101133/wrap.js, line 8: unreachable code after return statement
JavaScript warning: https://confiant-integrations.global.ssl.fastly.net/gpt/202001101133/wrap.js, line 8: unreachable code after return statement
JavaScript warning: https://confiant-integrations.global.ssl.fastly.net/gpt/202001101133/wrap.js, line 8: unreachable code after return statement
JavaScript warning: https://confiant-integrations.global.ssl.fastly.net/gpt/202001101133/wrap.js, line 8: unreachable code after return statement
JavaScript warning: https://confiant-integrations.global.ssl.fastly.net/gpt/202001101133/wrap.js, line 8: unreachable code after return statement
JavaScript warning: https://confiant-integrations.global.ssl.fastly.net/gpt/202001101133/wrap.js, line 8: unreachable code after return statement
JavaScript warning: https://confiant-integrations.global.ssl.fastly.net/gpt/202001101133/wrap.js, line 8: unreachable code after return statement
JavaScript warning: https://confiant-integrations.global.ssl.fastly.net/gpt/202001101133/wrap.js, line 8: unreachable code after return statement
JavaScript warning: https://confiant-integrations.global.ssl.fastly.net/gpt/202001101133/wrap.js, line 8: unreachable code after return statement
JavaScript warning: https://confiant-integrations.global.ssl.fastly.net/gpt/202001101133/wrap.js, line 8: unreachable code after return statement
JavaScript warning: https://confiant-integrations.global.ssl.fastly.net/gpt/202001101133/wrap.js, line 8: unreachable code after return statement
JavaScript warning: https://confiant-integrations.global.ssl.fastly.net/gpt/202001101133/wrap.js, line 8: unreachable code after return statement
JavaScript warning: https://confiant-integrations.global.ssl.fastly.net/gpt/202001101133/wrap.js, line 8: unreachable code after return statement
JavaScript warning: https://confiant-integrations.global.ssl.fastly.net/gpt/202001101133/wrap.js, line 8: unreachable code after return statement
JavaScript warning: https://confiant-integrations.global.ssl.fastly.net/gpt/202001101133/wrap.js, line 8: unreachable code after return statement
JavaScript warning: https://confiant-integrations.global.ssl.fastly.net/gpt/202001101133/wrap.js, line 8: unreachable code after return statement
JavaScript warning: https://confiant-integrations.global.ssl.fastly.net/gpt/202001101133/wrap.js, line 8: unreachable code after return statement
JavaScript warning: https://confiant-integrations.global.ssl.fastly.net/gpt/202001101133/wrap.js, line 8: unreachable code after return statement
JavaScript warning: https://confiant-integrations.global.ssl.fastly.net/gpt/202001101133/wrap.js, line 8: unreachable code after return statement
JavaScript warning: https://confiant-integrations.global.ssl.fastly.net/gpt/202001101133/wrap.js, line 8: unreachable code after return statement
JavaScript warning: https://confiant-integrations.global.ssl.fastly.net/gpt/202001101133/wrap.js, line 8: unreachable code after return statement
JavaScript warning: https://confiant-integrations.global.ssl.fastly.net/gpt/202001101133/wrap.js, line 8: unreachable code after return statement
JavaScript warning: https://confiant-integrations.global.ssl.fastly.net/gpt/202001101133/wrap.js, line 8: unreachable code after return statement
JavaScript warning: https://confiant-integrations.global.ssl.fastly.net/gpt/202001101133/wrap.js, line 8: unreachable code after return statement
JavaScript warning: https://confiant-integrations.global.ssl.fastly.net/gpt/202001101133/wrap.js, line 8: unreachable code after return statement
JavaScript warning: https://confiant-integrations.global.ssl.fastly.net/gpt/202001101133/wrap.js, line 8: unreachable code after return statement
JavaScript warning: https://confiant-integrations.global.ssl.fastly.net/gpt/202001101133/wrap.js, line 8: unreachable code after return statement
JavaScript error: data:image/gif;base64,R0lGODlhAQABAAD/ACwAAAAAAQABAAACADs=, line 1: SyntaxError: illegal character
JavaScript warning: https://confiant-integrations.global.ssl.fastly.net/gpt/202001101133/wrap.js, line 8: unreachable code after return statement
JavaScript warning: https://confiant-integrations.global.ssl.fastly.net/gpt/202001101133/wrap.js, line 8: unreachable code after return statement
JavaScript warning: https://confiant-integrations.global.ssl.fastly.net/gpt/202001101133/wrap.js, line 8: unreachable code after return statement
JavaScript warning: https://confiant-integrations.global.ssl.fastly.net/gpt/202001101133/wrap.js, line 8: unreachable code after return statement
JavaScript warning: https://confiant-integrations.global.ssl.fastly.net/gpt/202001101133/wrap.js, line 8: unreachable code after return statement
JavaScript warning: https://confiant-integrations.global.ssl.fastly.net/gpt/202001101133/wrap.js, line 8: unreachable code after return statement
JavaScript warning: https://confiant-integrations.global.ssl.fastly.net/gpt/202001101133/wrap.js, line 8: unreachable code after return statement
JavaScript warning: https://confiant-integrations.global.ssl.fastly.net/gpt/202001101133/wrap.js, line 8: unreachable code after return statement
JavaScript warning: https://confiant-integrations.global.ssl.fastly.net/gpt/202001101133/wrap.js, line 8: unreachable code after return statement
JavaScript warning: https://confiant-integrations.global.ssl.fastly.net/gpt/202001101133/wrap.js, line 8: unreachable code after return statement
JavaScript warning: https://confiant-integrations.global.ssl.fastly.net/gpt/202001101133/wrap.js, line 8: unreachable code after return statement
JavaScript warning: https://confiant-integrations.global.ssl.fastly.net/gpt/202001101133/wrap.js, line 8: unreachable code after return statement
JavaScript warning: https://confiant-integrations.global.ssl.fastly.net/gpt/202001101133/wrap.js, line 8: unreachable code after return statement
JavaScript warning: https://confiant-integrations.global.ssl.fastly.net/gpt/202001101133/wrap.js, line 8: unreachable code after return statement
JavaScript warning: https://confiant-integrations.global.ssl.fastly.net/gpt/202001101133/wrap.js, line 8: unreachable code after return statement
JavaScript warning: https://confiant-integrations.global.ssl.fastly.net/gpt/202001101133/wrap.js, line 8: unreachable code after return statement
JavaScript warning: https://confiant-integrations.global.ssl.fastly.net/gpt/202001101133/wrap.js, line 8: unreachable code after return statement
JavaScript warning: https://confiant-integrations.global.ssl.fastly.net/gpt/202001101133/wrap.js, line 8: unreachable code after return statement
JavaScript warning: https://confiant-integrations.global.ssl.fastly.net/gpt/202001101133/wrap.js, line 8: unreachable code after return statement
JavaScript warning: https://confiant-integrations.global.ssl.fastly.net/gpt/202001101133/wrap.js, line 8: unreachable code after return statement
JavaScript warning: https://confiant-integrations.global.ssl.fastly.net/gpt/202001101133/wrap.js, line 8: unreachable code after return statement
JavaScript warning: https://confiant-integrations.global.ssl.fastly.net/gpt/202001101133/wrap.js, line 8: unreachable code after return statement
JavaScript warning: https://confiant-integrations.global.ssl.fastly.net/gpt/202001101133/wrap.js, line 8: unreachable code after return statement
JavaScript warning: https://confiant-integrations.global.ssl.fastly.net/gpt/202001101133/wrap.js, line 8: unreachable code after return statement
JavaScript warning: https://confiant-integrations.global.ssl.fastly.net/gpt/202001101133/wrap.js, line 8: unreachable code after return statement
JavaScript warning: https://confiant-integrations.global.ssl.fastly.net/gpt/202001101133/wrap.js, line 8: unreachable code after return statement
JavaScript warning: https://confiant-integrations.global.ssl.fastly.net/gpt/202001101133/wrap.js, line 8: unreachable code after return statement
JavaScript warning: https://confiant-integrations.global.ssl.fastly.net/gpt/202001101133/wrap.js, line 8: unreachable code after return statement
JavaScript warning: https://confiant-integrations.global.ssl.fastly.net/gpt/202001101133/wrap.js, line 8: unreachable code after return statement
JavaScript warning: https://confiant-integrations.global.ssl.fastly.net/gpt/202001101133/wrap.js, line 8: unreachable code after return statement
JavaScript warning: https://confiant-integrations.global.ssl.fastly.net/gpt/202001101133/wrap.js, line 8: unreachable code after return statement
JavaScript warning: https://confiant-integrations.global.ssl.fastly.net/gpt/202001101133/wrap.js, line 8: unreachable code after return statement
JavaScript warning: https://confiant-integrations.global.ssl.fastly.net/gpt/202001101133/wrap.js, line 8: unreachable code after return statement
JavaScript warning: https://confiant-integrations.global.ssl.fastly.net/gpt/202001101133/wrap.js, line 8: unreachable code after return statement
JavaScript warning: https://confiant-integrations.global.ssl.fastly.net/gpt/202001101133/wrap.js, line 8: unreachable code after return statement
JavaScript warning: https://confiant-integrations.global.ssl.fastly.net/gpt/202001101133/wrap.js, line 8: unreachable code after return statement
JavaScript warning: https://confiant-integrations.global.ssl.fastly.net/gpt/202001101133/wrap.js, line 8: unreachable code after return statement
JavaScript warning: https://confiant-integrations.global.ssl.fastly.net/gpt/202001101133/wrap.js, line 8: unreachable code after return statement
JavaScript warning: https://confiant-integrations.global.ssl.fastly.net/gpt/202001101133/wrap.js, line 8: unreachable code after return statement
JavaScript warning: https://confiant-integrations.global.ssl.fastly.net/gpt/202001101133/wrap.js, line 8: unreachable code after return statement
JavaScript warning: https://confiant-integrations.global.ssl.fastly.net/gpt/202001101133/wrap.js, line 8: unreachable code after return statement
JavaScript warning: https://confiant-integrations.global.ssl.fastly.net/gpt/202001101133/wrap.js, line 8: unreachable code after return statement
JavaScript warning: https://confiant-integrations.global.ssl.fastly.net/gpt/202001101133/wrap.js, line 8: unreachable code after return statement
JavaScript warning: https://confiant-integrations.global.ssl.fastly.net/gpt/202001101133/wrap.js, line 8: unreachable code after return statement
JavaScript warning: https://confiant-integrations.global.ssl.fastly.net/gpt/202001101133/wrap.js, line 8: unreachable code after return statement
JavaScript warning: https://confiant-integrations.global.ssl.fastly.net/gpt/202001101133/wrap.js, line 8: unreachable code after return statement
JavaScript warning: https://confiant-integrations.global.ssl.fastly.net/gpt/202001101133/wrap.js, line 8: unreachable code after return statement
JavaScript warning: https://confiant-integrations.global.ssl.fastly.net/gpt/202001101133/wrap.js, line 8: unreachable code after return statement
JavaScript warning: https://confiant-integrations.global.ssl.fastly.net/gpt/202001101133/wrap.js, line 8: unreachable code after return statement
JavaScript warning: https://confiant-integrations.global.ssl.fastly.net/gpt/202001101133/wrap.js, line 8: unreachable code after return statement
1596747728183	mozrunner::runner	INFO	Running command: "/Applications/Firefox.app/Contents/MacOS/firefox-bin" "-marionette" "-foreground" "-no-remote" "-profile" "/var/folders/ql/bv564x3s5r78ydynr139d_740000gn/T/rust_mozprofilebn6SjM"
console.error: SearchCache: "_readCacheFile: Error reading cache file:" (new Error("", "(unknown module)"))
1596747731193	Marionette	INFO	Listening on port 52092
1596747731207	Marionette	WARN	TLS certificate errors will be ignored for this session
1596747832899	mozrunner::runner	INFO	Running command: "/Applications/Firefox.app/Contents/MacOS/firefox-bin" "-marionette" "-foreground" "-no-remote" "-profile" "/var/folders/ql/bv564x3s5r78ydynr139d_740000gn/T/rust_mozprofilebW1t51"
console.error: SearchCache: "_readCacheFile: Error reading cache file:" (new Error("", "(unknown module)"))
1596747836320	Marionette	INFO	Listening on port 53044
1596747836339	Marionette	WARN	TLS certificate errors will be ignored for this session
1596747954880	mozrunner::runner	INFO	Running command: "/Applications/Firefox.app/Contents/MacOS/firefox-bin" "-marionette" "-foreground" "-no-remote" "-profile" "/var/folders/ql/bv564x3s5r78ydynr139d_740000gn/T/rust_mozprofileQK53UJ"
console.error: SearchCache: "_readCacheFile: Error reading cache file:" (new Error("", "(unknown module)"))
1596747958100	Marionette	INFO	Listening on port 54044
1596747958206	Marionette	WARN	TLS certificate errors will be ignored for this session
JavaScript warning: https://rahulshettyacademy.com/angularpractice/scripts.6cc4e781f0791d60b349.bundle.js, line 1: Script terminated by timeout at:
Q@https://rahulshettyacademy.com/angularpractice/scripts.6cc4e781f0791d60b349.bundle.js:1:31840
get@https://rahulshettyacademy.com/angularpractice/scripts.6cc4e781f0791d60b349.bundle.js:1:32363
trigger@https://rahulshettyacademy.com/angularpractice/scripts.6cc4e781f0791d60b349.bundle.js:1:69039
simulate@https://rahulshettyacademy.com/angularpractice/scripts.6cc4e781f0791d60b349.bundle.js:1:69562
n@https://rahulshettyacademy.com/angularpractice/scripts.6cc4e781f0791d60b349.bundle.js:1:69851
ZSR1/</</</u</t.prototype.invokeTask@https://rahulshettyacademy.com/angularpractice/polyfills.b6b2cd0d4c472ac3ac12.bundle.js:1:19353
ZSR1/</</</i</e.prototype.runTask@https://rahulshettyacademy.com/angularpractice/polyfills.b6b2cd0d4c472ac3ac12.bundle.js:1:14537
ZSR1/</</</c</e.invokeTask@https://rahulshettyacademy.com/angularpractice/polyfills.b6b2cd0d4c472ac3ac12.bundle.js:1:20443
k@https://rahulshettyacademy.com/angularpractice/polyfills.b6b2cd0d4c472ac3ac12.bundle.js:1:31400
m@https://rahulshettyacademy.com/angularpractice/polyfills.b6b2cd0d4c472ac3ac12.bundle.js:1:31812

1596827675960	mozrunner::runner	INFO	Running command: "/Applications/Firefox.app/Contents/MacOS/firefox-bin" "-marionette" "-foreground" "-no-remote" "-profile" "/var/folders/ql/bv564x3s5r78ydynr139d_740000gn/T/rust_mozprofile1HSfEL"
console.error: SearchCache: "_readCacheFile: Error reading cache file:" (new Error("", "(unknown module)"))
1596827678663	Marionette	INFO	Listening on port 61324
1596827678765	Marionette	WARN	TLS certificate errors will be ignored for this session
1596827746321	mozrunner::runner	INFO	Running command: "/Applications/Firefox.app/Contents/MacOS/firefox-bin" "-marionette" "-foreground" "-no-remote" "-profile" "/var/folders/ql/bv564x3s5r78ydynr139d_740000gn/T/rust_mozprofiledQSiLI"
console.error: SearchCache: "_readCacheFile: Error reading cache file:" (new Error("", "(unknown module)"))
JavaScript error: resource://gre/actors/ControllersChild.jsm, line 30: NS_ERROR_FAILURE: Component returned failure code: 0x80004005 (NS_ERROR_FAILURE) [nsIDocShell.doCommandWithParams]
1596827748606	Marionette	INFO	Listening on port 61801
1596827748613	Marionette	WARN	TLS certificate errors will be ignored for this session
1596828253038	mozrunner::runner	INFO	Running command: "/Applications/Firefox.app/Contents/MacOS/firefox-bin" "-marionette" "-foreground" "-no-remote" "-profile" "/var/folders/ql/bv564x3s5r78ydynr139d_740000gn/T/rust_mozprofileoLA65b"
console.error: SearchCache: "_readCacheFile: Error reading cache file:" (new Error("", "(unknown module)"))
1596828255385	Marionette	INFO	Listening on port 64826
1596828255442	Marionette	WARN	TLS certificate errors will be ignored for this session
JavaScript warning: https://confiant-integrations.global.ssl.fastly.net/gpt/202008040943/wrap.js, line 19: unreachable code after return statement
JavaScript warning: https://confiant-integrations.global.ssl.fastly.net/gpt/202008040943/wrap.js, line 19: unreachable code after return statement
JavaScript warning: https://confiant-integrations.global.ssl.fastly.net/gpt/202008040943/wrap.js, line 19: unreachable code after return statement
JavaScript warning: https://confiant-integrations.global.ssl.fastly.net/gpt/202008040943/wrap.js, line 19: unreachable code after return statement
JavaScript warning: https://confiant-integrations.global.ssl.fastly.net/gpt/202008040943/wrap.js, line 19: unreachable code after return statement
JavaScript warning: https://confiant-integrations.global.ssl.fastly.net/gpt/202008040943/wrap.js, line 19: unreachable code after return statement
JavaScript warning: https://confiant-integrations.global.ssl.fastly.net/gpt/202008040943/wrap.js, line 19: unreachable code after return statement
JavaScript warning: https://confiant-integrations.global.ssl.fastly.net/gpt/202008040943/wrap.js, line 19: unreachable code after return statement
JavaScript warning: https://confiant-integrations.global.ssl.fastly.net/gpt/202008040943/wrap.js, line 19: unreachable code after return statement
JavaScript warning: https://confiant-integrations.global.ssl.fastly.net/gpt/202008040943/wrap.js, line 19: unreachable code after return statement
JavaScript warning: https://confiant-integrations.global.ssl.fastly.net/gpt/202008040943/wrap.js, line 19: unreachable code after return statement
JavaScript warning: https://confiant-integrations.global.ssl.fastly.net/gpt/202008040943/wrap.js, line 19: unreachable code after return statement
JavaScript warning: https://confiant-integrations.global.ssl.fastly.net/gpt/202008040943/wrap.js, line 19: unreachable code after return statement
JavaScript warning: https://confiant-integrations.global.ssl.fastly.net/gpt/202008040943/wrap.js, line 19: unreachable code after return statement
JavaScript warning: https://confiant-integrations.global.ssl.fastly.net/gpt/202008040943/wrap.js, line 19: unreachable code after return statement
JavaScript warning: https://confiant-integrations.global.ssl.fastly.net/gpt/202008040943/wrap.js, line 19: unreachable code after return statement
JavaScript warning: https://confiant-integrations.global.ssl.fastly.net/gpt/202008040943/wrap.js, line 19: unreachable code after return statement
JavaScript warning: https://confiant-integrations.global.ssl.fastly.net/gpt/202008040943/wrap.js, line 19: unreachable code after return statement
JavaScript error: resource://gre/actors/ControllersChild.jsm, line 30: NS_ERROR_FAILURE: Component returned failure code: 0x80004005 (NS_ERROR_FAILURE) [nsIDocShell.doCommandWithParams]
JavaScript error: https://www.townofwrightsvillebeach.com/Scripts/2011.3.1115/jquery-1.6.4.min.js, line 4: SecurityError: Permission denied to access property "getComputedStyle" on cross-origin object
JavaScript warning: https://confiant-integrations.global.ssl.fastly.net/gpt/202008040943/wrap.js, line 19: unreachable code after return statement
JavaScript warning: https://confiant-integrations.global.ssl.fastly.net/gpt/202008040943/wrap.js, line 19: unreachable code after return statement
JavaScript warning: https://confiant-integrations.global.ssl.fastly.net/gpt/202008040943/wrap.js, line 19: unreachable code after return statement
JavaScript warning: https://confiant-integrations.global.ssl.fastly.net/gpt/202008040943/wrap.js, line 19: unreachable code after return statement
JavaScript warning: https://confiant-integrations.global.ssl.fastly.net/gpt/202008040943/wrap.js, line 19: unreachable code after return statement
JavaScript warning: https://confiant-integrations.global.ssl.fastly.net/gpt/202008040943/wrap.js, line 19: unreachable code after return statement
JavaScript warning: https://confiant-integrations.global.ssl.fastly.net/gpt/202008040943/wrap.js, line 19: unreachable code after return statement
JavaScript warning: https://confiant-integrations.global.ssl.fastly.net/gpt/202008040943/wrap.js, line 19: unreachable code after return statement
JavaScript warning: https://confiant-integrations.global.ssl.fastly.net/gpt/202008040943/wrap.js, line 19: unreachable code after return statement
JavaScript warning: https://confiant-integrations.global.ssl.fastly.net/gpt/202008040943/wrap.js, line 19: unreachable code after return statement
JavaScript warning: https://confiant-integrations.global.ssl.fastly.net/gpt/202008040943/wrap.js, line 19: unreachable code after return statement
JavaScript warning: https://confiant-integrations.global.ssl.fastly.net/gpt/202008040943/wrap.js, line 19: unreachable code after return statement
JavaScript warning: https://confiant-integrations.global.ssl.fastly.net/gpt/202008040943/wrap.js, line 19: unreachable code after return statement
JavaScript warning: https://confiant-integrations.global.ssl.fastly.net/gpt/202008040943/wrap.js, line 19: unreachable code after return statement
JavaScript warning: https://confiant-integrations.global.ssl.fastly.net/gpt/202008040943/wrap.js, line 19: unreachable code after return statement
JavaScript warning: https://confiant-integrations.global.ssl.fastly.net/gpt/202008040943/wrap.js, line 19: unreachable code after return statement
JavaScript warning: https://confiant-integrations.global.ssl.fastly.net/gpt/202008040943/wrap.js, line 19: unreachable code after return statement
JavaScript warning: https://confiant-integrations.global.ssl.fastly.net/gpt/202008040943/wrap.js, line 19: unreachable code after return statement
JavaScript error: https://ee577cafa9cd8efe3c5ab116c8b4cefc.safeframe.googlesyndication.com/safeframe/1-0-37/html/container.html, line 8: SyntaxError: missing ; after for-loop initializer
JavaScript warning: https://confiant-integrations.global.ssl.fastly.net/gpt/202008040943/wrap.js, line 19: unreachable code after return statement
JavaScript warning: https://confiant-integrations.global.ssl.fastly.net/gpt/202008040943/wrap.js, line 19: unreachable code after return statement
JavaScript warning: https://confiant-integrations.global.ssl.fastly.net/gpt/202008040943/wrap.js, line 19: unreachable code after return statement
JavaScript warning: https://confiant-integrations.global.ssl.fastly.net/gpt/202008040943/wrap.js, line 19: unreachable code after return statement
JavaScript warning: https://confiant-integrations.global.ssl.fastly.net/gpt/202008040943/wrap.js, line 19: unreachable code after return statement
JavaScript warning: https://confiant-integrations.global.ssl.fastly.net/gpt/202008040943/wrap.js, line 19: unreachable code after return statement
JavaScript warning: https://confiant-integrations.global.ssl.fastly.net/gpt/202008040943/wrap.js, line 19: unreachable code after return statement
JavaScript warning: https://confiant-integrations.global.ssl.fastly.net/gpt/202008040943/wrap.js, line 19: unreachable code after return statement
JavaScript error: https://6ce42eb6995dd4ae623793f844f07a5d.safeframe.googlesyndication.com/safeframe/1-0-37/html/container.html, line 8: SyntaxError: missing ] after element list
JavaScript note: https://6ce42eb6995dd4ae623793f844f07a5d.safeframe.googlesyndication.com/safeframe/1-0-37/html/container.html, line 8: [ opened at line 8, column 17
JavaScript warning: https://confiant-integrations.global.ssl.fastly.net/gpt/202008040943/wrap.js, line 19: unreachable code after return statement
JavaScript warning: https://confiant-integrations.global.ssl.fastly.net/gpt/202008040943/wrap.js, line 19: unreachable code after return statement
JavaScript warning: https://confiant-integrations.global.ssl.fastly.net/gpt/202008040943/wrap.js, line 19: unreachable code after return statement
JavaScript warning: https://confiant-integrations.global.ssl.fastly.net/gpt/202008040943/wrap.js, line 19: unreachable code after return statement
JavaScript error: https://6620cac156214507a189facc0d4ac2f3.safeframe.googlesyndication.com/safeframe/1-0-37/html/container.html, line 8: SyntaxError: missing name after . operator
JavaScript warning: https://confiant-integrations.global.ssl.fastly.net/gpt/202008040943/wrap.js, line 19: unreachable code after return statement
JavaScript warning: https://confiant-integrations.global.ssl.fastly.net/gpt/202008040943/wrap.js, line 19: unreachable code after return statement
JavaScript warning: https://confiant-integrations.global.ssl.fastly.net/gpt/202008040943/wrap.js, line 19: unreachable code after return statement
JavaScript warning: https://confiant-integrations.global.ssl.fastly.net/gpt/202008040943/wrap.js, line 19: unreachable code after return statement
JavaScript warning: https://confiant-integrations.global.ssl.fastly.net/gpt/202008040943/wrap.js, line 19: unreachable code after return statement
JavaScript warning: https://confiant-integrations.global.ssl.fastly.net/gpt/202008040943/wrap.js, line 19: unreachable code after return statement
JavaScript warning: https://confiant-integrations.global.ssl.fastly.net/gpt/202008040943/wrap.js, line 19: unreachable code after return statement
JavaScript warning: https://confiant-integrations.global.ssl.fastly.net/gpt/202008040943/wrap.js, line 19: unreachable code after return statement
JavaScript error: https://c55971021fa64d02e686ed62ebc358c1.safeframe.googlesyndication.com/safeframe/1-0-37/html/container.html, line 8: SyntaxError: missing ; after for-loop initializer
JavaScript warning: https://confiant-integrations.global.ssl.fastly.net/gpt/202008040943/wrap.js, line 19: unreachable code after return statement
JavaScript warning: https://confiant-integrations.global.ssl.fastly.net/gpt/202008040943/wrap.js, line 19: unreachable code after return statement
JavaScript warning: https://confiant-integrations.global.ssl.fastly.net/gpt/202008040943/wrap.js, line 19: unreachable code after return statement
JavaScript warning: https://confiant-integrations.global.ssl.fastly.net/gpt/202008040943/wrap.js, line 19: unreachable code after return statement
JavaScript warning: https://confiant-integrations.global.ssl.fastly.net/gpt/202008040943/wrap.js, line 19: unreachable code after return statement
JavaScript warning: https://confiant-integrations.global.ssl.fastly.net/gpt/202008040943/wrap.js, line 19: unreachable code after return statement
JavaScript warning: https://confiant-integrations.global.ssl.fastly.net/gpt/202008040943/wrap.js, line 19: unreachable code after return statement
JavaScript warning: https://confiant-integrations.global.ssl.fastly.net/gpt/202008040943/wrap.js, line 19: unreachable code after return statement
JavaScript warning: https://confiant-integrations.global.ssl.fastly.net/gpt/202008040943/wrap.js, line 19: unreachable code after return statement
JavaScript warning: https://confiant-integrations.global.ssl.fastly.net/gpt/202008040943/wrap.js, line 19: unreachable code after return statement
JavaScript warning: https://confiant-integrations.global.ssl.fastly.net/gpt/202008040943/wrap.js, line 19: unreachable code after return statement
JavaScript warning: https://confiant-integrations.global.ssl.fastly.net/gpt/202008040943/wrap.js, line 19: unreachable code after return statement
JavaScript warning: https://confiant-integrations.global.ssl.fastly.net/gpt/202008040943/wrap.js, line 19: unreachable code after return statement
JavaScript warning: https://confiant-integrations.global.ssl.fastly.net/gpt/202008040943/wrap.js, line 19: unreachable code after return statement
JavaScript warning: https://confiant-integrations.global.ssl.fastly.net/gpt/202008040943/wrap.js, line 19: unreachable code after return statement
JavaScript warning: https://confiant-integrations.global.ssl.fastly.net/gpt/202008040943/wrap.js, line 19: unreachable code after return statement
JavaScript warning: https://confiant-integrations.global.ssl.fastly.net/gpt/202008040943/wrap.js, line 19: unreachable code after return statement
JavaScript warning: https://confiant-integrations.global.ssl.fastly.net/gpt/202008040943/wrap.js, line 19: unreachable code after return statement
JavaScript warning: https://confiant-integrations.global.ssl.fastly.net/gpt/202008040943/wrap.js, line 19: unreachable code after return statement
JavaScript warning: https://confiant-integrations.global.ssl.fastly.net/gpt/202008040943/wrap.js, line 19: unreachable code after return statement
JavaScript error: https://tpc.googlesyndication.com/safeframe/1-0-37/html/container.html, line 8: SyntaxError: identifier starts immediately after numeric literal
JavaScript warning: https://confiant-integrations.global.ssl.fastly.net/gpt/202008040943/wrap.js, line 19: unreachable code after return statement
JavaScript warning: https://confiant-integrations.global.ssl.fastly.net/gpt/202008040943/wrap.js, line 19: unreachable code after return statement
JavaScript warning: https://confiant-integrations.global.ssl.fastly.net/gpt/202008040943/wrap.js, line 19: unreachable code after return statement
JavaScript warning: https://confiant-integrations.global.ssl.fastly.net/gpt/202008040943/wrap.js, line 19: unreachable code after return statement
JavaScript error: https://tpc.googlesyndication.com/safeframe/1-0-37/html/container.html, line 8: SyntaxError: missing ) after argument list
JavaScript warning: https://confiant-integrations.global.ssl.fastly.net/gpt/202008040943/wrap.js, line 19: unreachable code after return statement
JavaScript warning: https://confiant-integrations.global.ssl.fastly.net/gpt/202008040943/wrap.js, line 19: unreachable code after return statement
JavaScript warning: https://confiant-integrations.global.ssl.fastly.net/gpt/202008040943/wrap.js, line 19: unreachable code after return statement
JavaScript warning: https://confiant-integrations.global.ssl.fastly.net/gpt/202008040943/wrap.js, line 19: unreachable code after return statement
JavaScript error: https://tpc.googlesyndication.com/safeframe/1-0-37/html/container.html, line 11: SyntaxError: identifier starts immediately after numeric literal
JavaScript warning: https://confiant-integrations.global.ssl.fastly.net/gpt/202008040943/wrap.js, line 19: unreachable code after return statement
JavaScript warning: https://confiant-integrations.global.ssl.fastly.net/gpt/202008040943/wrap.js, line 19: unreachable code after return statement
JavaScript warning: https://confiant-integrations.global.ssl.fastly.net/gpt/202008040943/wrap.js, line 19: unreachable code after return statement
JavaScript warning: https://confiant-integrations.global.ssl.fastly.net/gpt/202008040943/wrap.js, line 19: unreachable code after return statement
JavaScript warning: https://confiant-integrations.global.ssl.fastly.net/gpt/202008040943/wrap.js, line 19: unreachable code after return statement
JavaScript warning: https://confiant-integrations.global.ssl.fastly.net/gpt/202008040943/wrap.js, line 19: unreachable code after return statement
JavaScript warning: https://confiant-integrations.global.ssl.fastly.net/gpt/202008040943/wrap.js, line 19: unreachable code after return statement
JavaScript warning: https://confiant-integrations.global.ssl.fastly.net/gpt/202008040943/wrap.js, line 19: unreachable code after return statement
JavaScript error: https://24921a8b3be2bf2daaebb6c08a3b79ea.safeframe.googlesyndication.com/safeframe/1-0-37/html/container.html, line 8: SyntaxError: missing : after property id
JavaScript error: https://24921a8b3be2bf2daaebb6c08a3b79ea.safeframe.googlesyndication.com/safeframe/1-0-37/html/container.html, line 8: ReferenceError: adData is not defined
JavaScript error: https://www.facebook.com/, line 11: ReferenceError: requireLazy is not defined
JavaScript error: https://www.facebook.com/, line 11: ReferenceError: requireLazy is not defined
JavaScript error: https://www.facebook.com/, line 12: ReferenceError: requireLazy is not defined
JavaScript error: https://www.facebook.com/, line 16: ReferenceError: requireLazy is not defined
JavaScript error: https://www.facebook.com/, line 17: ReferenceError: requireLazy is not defined
JavaScript error: https://www.facebook.com/, line 30: ReferenceError: requireLazy is not defined
JavaScript error: https://www.facebook.com/, line 31: ReferenceError: requireLazy is not defined
JavaScript error: https://www.facebook.com/, line 32: ReferenceError: requireLazy is not defined
JavaScript error: https://www.facebook.com/, line 33: ReferenceError: requireLazy is not defined
JavaScript error: https://www.facebook.com/, line 33: ReferenceError: requireLazy is not defined
JavaScript error: https://www.facebook.com/, line 34: ReferenceError: requireLazy is not defined
JavaScript warning: https://cdn2.editmysite.com/js/site/main.js?buildTime=1596896369, line 4: unreachable code after return statement
JavaScript warning: https://cdn2.editmysite.com/js/site/main.js?buildTime=1596896369, line 4: unreachable code after return statement
JavaScript warning: https://s3.amazonaws.com/downloads.mailchimp.com/js/mc-validate.js, line 1: Script terminated by timeout at:
st.fn.extend@https://s3.amazonaws.com/downloads.mailchimp.com/js/mc-validate.js:1:13380
simulate@https://s3.amazonaws.com/downloads.mailchimp.com/js/mc-validate.js:2:7733
r@https://s3.amazonaws.com/downloads.mailchimp.com/js/mc-validate.js:2:10896

JavaScript error: http://straightdroprestaurants.com/wp-includes/js/wp-emoji-release.min.js?ver=4.7.1, line 1: SyntaxError: expected expression, got '<'
_RegisterApplication(), FAILED TO establish the default connection to the WindowServer, _CGSDefaultConnection() is NULL.
JavaScript error: http://straightdroprestaurants.com/wp-includes/js/wp-emoji-release.min.js?ver=4.7.1, line 1: SyntaxError: expected expression, got '<'
[Child 87283, MediaDecoderStateMachine #1] WARNING: Decoder=1503c8000 Decode error: NS_ERROR_DOM_MEDIA_FATAL_ERR (0x806e0005) - RefPtr<MediaSourceTrackDemuxer::SamplesPromise> mozilla::MediaSourceTrackDemuxer::DoGetSamples(int32_t): manager is detached.: file /builds/worker/checkouts/gecko/dom/media/MediaDecoderStateMachine.cpp, line 3470
JavaScript error: http://straightdroprestaurants.com/wp-includes/js/wp-emoji-release.min.js?ver=4.7.1, line 1: SyntaxError: expected expression, got '<'
JavaScript warning: https://confiant-integrations.global.ssl.fastly.net/gpt/202008071611/wrap.js, line 19: unreachable code after return statement
JavaScript warning: https://confiant-integrations.global.ssl.fastly.net/gpt/202008071611/wrap.js, line 19: unreachable code after return statement
JavaScript warning: https://confiant-integrations.global.ssl.fastly.net/gpt/202008071611/wrap.js, line 19: unreachable code after return statement
JavaScript warning: https://confiant-integrations.global.ssl.fastly.net/gpt/202008071611/wrap.js, line 19: unreachable code after return statement
JavaScript warning: https://confiant-integrations.global.ssl.fastly.net/gpt/202008071611/wrap.js, line 19: unreachable code after return statement
JavaScript warning: https://confiant-integrations.global.ssl.fastly.net/gpt/202008071611/wrap.js, line 19: unreachable code after return statement
JavaScript warning: https://confiant-integrations.global.ssl.fastly.net/gpt/202008071611/wrap.js, line 19: unreachable code after return statement
JavaScript warning: https://confiant-integrations.global.ssl.fastly.net/gpt/202008071611/wrap.js, line 19: unreachable code after return statement
JavaScript warning: https://confiant-integrations.global.ssl.fastly.net/gpt/202008071611/wrap.js, line 19: unreachable code after return statement
JavaScript error: http://straightdroprestaurants.com/wp-includes/js/wp-emoji-release.min.js?ver=4.7.1, line 1: SyntaxError: expected expression, got '<'
[Child 87283, MediaDecoderStateMachine #1] WARNING: Decoder=1637a1800 Decode error: NS_ERROR_DOM_MEDIA_FATAL_ERR (0x806e0005) - RefPtr<MediaSourceTrackDemuxer::SamplesPromise> mozilla::MediaSourceTrackDemuxer::DoGetSamples(int32_t): manager is detached.: file /builds/worker/checkouts/gecko/dom/media/MediaDecoderStateMachine.cpp, line 3470
JavaScript error: http://straightdroprestaurants.com/wp-includes/js/wp-emoji-release.min.js?ver=4.7.1, line 1: SyntaxError: expected expression, got '<'
JavaScript error: https://static.xx.fbcdn.net/rsrc.php/v3/yt/r/wAM3Q-4x-gl.js?_nc_x=Ij3Wp8lg5Kz, line 5: TypeError: Not in fullscreen mode
JavaScript error: http://straightdroprestaurants.com/wp-includes/js/wp-emoji-release.min.js?ver=4.7.1, line 1: SyntaxError: expected expression, got '<'
JavaScript error: http://straightdroprestaurants.com/wp-includes/js/wp-emoji-release.min.js?ver=4.7.1, line 1: SyntaxError: expected expression, got '<'
[Child 87283, MediaDecoderStateMachine #1] WARNING: Decoder=1531ab400 Decode error: NS_ERROR_DOM_MEDIA_FATAL_ERR (0x806e0005) - RefPtr<MediaSourceTrackDemuxer::SamplesPromise> mozilla::MediaSourceTrackDemuxer::DoGetSamples(int32_t): manager is detached.: file /builds/worker/checkouts/gecko/dom/media/MediaDecoderStateMachine.cpp, line 3470
1597087078431	Sync.ErrorHandler	ERROR	Sync encountered a login error
JavaScript warning: https://confiant-integrations.global.ssl.fastly.net/gpt/202008071611/wrap.js, line 19: unreachable code after return statement
JavaScript warning: https://confiant-integrations.global.ssl.fastly.net/gpt/202008071611/wrap.js, line 19: unreachable code after return statement
JavaScript warning: https://confiant-integrations.global.ssl.fastly.net/gpt/202008071611/wrap.js, line 19: unreachable code after return statement
JavaScript warning: https://confiant-integrations.global.ssl.fastly.net/gpt/202008071611/wrap.js, line 19: unreachable code after return statement
JavaScript warning: https://confiant-integrations.global.ssl.fastly.net/gpt/202008071611/wrap.js, line 19: unreachable code after return statement
JavaScript warning: https://confiant-integrations.global.ssl.fastly.net/gpt/202008071611/wrap.js, line 19: unreachable code after return statement
JavaScript warning: https://confiant-integrations.global.ssl.fastly.net/gpt/202008071611/wrap.js, line 19: unreachable code after return statement
JavaScript warning: https://confiant-integrations.global.ssl.fastly.net/gpt/202008071611/wrap.js, line 19: unreachable code after return statement
JavaScript error: https://www.cbs17.com/10-day-forecast/, line 1: SyntaxError: missing ) after argument list
JavaScript warning: https://confiant-integrations.global.ssl.fastly.net/gpt/202008071611/wrap.js, line 19: unreachable code after return statement
JavaScript error: https://d6c6f42a5ac53ef84a62b96da7ae4557.safeframe.googlesyndication.com/safeframe/1-0-37/html/container.html, line 8: SyntaxError: unexpected token: '-'
JavaScript warning: https://confiant-integrations.global.ssl.fastly.net/gpt/202008071611/wrap.js, line 19: unreachable code after return statement
JavaScript warning: https://confiant-integrations.global.ssl.fastly.net/gpt/202008071611/wrap.js, line 19: unreachable code after return statement
JavaScript warning: https://confiant-integrations.global.ssl.fastly.net/gpt/202008071611/wrap.js, line 19: unreachable code after return statement
JavaScript warning: https://confiant-integrations.global.ssl.fastly.net/gpt/202008071611/wrap.js, line 19: unreachable code after return statement
JavaScript warning: https://confiant-integrations.global.ssl.fastly.net/gpt/202008071611/wrap.js, line 19: unreachable code after return statement
JavaScript warning: https://confiant-integrations.global.ssl.fastly.net/gpt/202008071611/wrap.js, line 19: unreachable code after return statement
JavaScript warning: https://confiant-integrations.global.ssl.fastly.net/gpt/202008071611/wrap.js, line 19: unreachable code after return statement
JavaScript warning: https://confiant-integrations.global.ssl.fastly.net/gpt/202008071611/wrap.js, line 19: unreachable code after return statement
JavaScript warning: https://confiant-integrations.global.ssl.fastly.net/gpt/202008071611/wrap.js, line 19: unreachable code after return statement
JavaScript error: https://tpc.googlesyndication.com/safeframe/1-0-37/html/container.html, line 8: SyntaxError: unexpected token: numeric literal
1597089288185	Sync.ErrorHandler	ERROR	Sync encountered a login error
1597090664322	Sync.ErrorHandler	ERROR	Sync encountered a login error
JavaScript warning: https://confiant-integrations.global.ssl.fastly.net/gpt/202008071611/wrap.js, line 19: unreachable code after return statement
JavaScript warning: https://confiant-integrations.global.ssl.fastly.net/gpt/202008071611/wrap.js, line 19: unreachable code after return statement
JavaScript warning: https://confiant-integrations.global.ssl.fastly.net/gpt/202008071611/wrap.js, line 19: unreachable code after return statement
JavaScript warning: https://confiant-integrations.global.ssl.fastly.net/gpt/202008071611/wrap.js, line 19: unreachable code after return statement
JavaScript warning: https://confiant-integrations.global.ssl.fastly.net/gpt/202008071611/wrap.js, line 19: unreachable code after return statement
JavaScript warning: https://confiant-integrations.global.ssl.fastly.net/gpt/202008071611/wrap.js, line 19: unreachable code after return statement
JavaScript warning: https://confiant-integrations.global.ssl.fastly.net/gpt/202008071611/wrap.js, line 19: unreachable code after return statement
JavaScript warning: https://confiant-integrations.global.ssl.fastly.net/gpt/202008071611/wrap.js, line 19: unreachable code after return statement
JavaScript warning: https://confiant-integrations.global.ssl.fastly.net/gpt/202008071611/wrap.js, line 19: unreachable code after return statement
JavaScript error: https://www.cbs17.com/10-day-forecast/, line 1: ReferenceError: osdlfm is not defined
JavaScript error: https://www.cbs17.com/10-day-forecast/, line 1: ReferenceError: osdlfm is not defined
console.error: PushService: 
  Failed to drop expired registrations on idle
  UnknownError
console.error: PushService: 
  Failed to drop expired registrations on idle
  UnknownError
console.error: PushService: 
  Failed to drop expired registrations on idle
  UnknownError
console.error: PushService: 
  Failed to drop expired registrations on idle
  UnknownError
JavaScript warning: https://confiant-integrations.global.ssl.fastly.net/gpt/202008071611/wrap.js, line 19: unreachable code after return statement
JavaScript warning: https://confiant-integrations.global.ssl.fastly.net/gpt/202008071611/wrap.js, line 19: unreachable code after return statement
JavaScript warning: https://confiant-integrations.global.ssl.fastly.net/gpt/202008071611/wrap.js, line 19: unreachable code after return statement
JavaScript warning: https://confiant-integrations.global.ssl.fastly.net/gpt/202008071611/wrap.js, line 19: unreachable code after return statement
JavaScript warning: https://confiant-integrations.global.ssl.fastly.net/gpt/202008071611/wrap.js, line 19: unreachable code after return statement
JavaScript warning: https://confiant-integrations.global.ssl.fastly.net/gpt/202008071611/wrap.js, line 19: unreachable code after return statement
JavaScript warning: https://confiant-integrations.global.ssl.fastly.net/gpt/202008071611/wrap.js, line 19: unreachable code after return statement
JavaScript warning: https://confiant-integrations.global.ssl.fastly.net/gpt/202008071611/wrap.js, line 19: unreachable code after return statement
JavaScript warning: https://confiant-integrations.global.ssl.fastly.net/gpt/202008071611/wrap.js, line 19: unreachable code after return statement
JavaScript error: , line 0: uncaught exception: undefined
JavaScript warning: https://confiant-integrations.global.ssl.fastly.net/gpt/202008071611/wrap.js, line 19: unreachable code after return statement
JavaScript warning: https://confiant-integrations.global.ssl.fastly.net/gpt/202008071611/wrap.js, line 19: unreachable code after return statement
JavaScript warning: https://confiant-integrations.global.ssl.fastly.net/gpt/202008071611/wrap.js, line 19: unreachable code after return statement
JavaScript warning: https://confiant-integrations.global.ssl.fastly.net/gpt/202008071611/wrap.js, line 19: unreachable code after return statement
JavaScript warning: https://confiant-integrations.global.ssl.fastly.net/gpt/202008071611/wrap.js, line 19: unreachable code after return statement
JavaScript warning: https://confiant-integrations.global.ssl.fastly.net/gpt/202008071611/wrap.js, line 19: unreachable code after return statement
JavaScript warning: https://confiant-integrations.global.ssl.fastly.net/gpt/202008071611/wrap.js, line 19: unreachable code after return statement
JavaScript warning: https://confiant-integrations.global.ssl.fastly.net/gpt/202008071611/wrap.js, line 19: unreachable code after return statement
JavaScript warning: https://confiant-integrations.global.ssl.fastly.net/gpt/202008071611/wrap.js, line 19: unreachable code after return statement
JavaScript error: , line 0: uncaught exception: undefined
JavaScript error: https://cdn.ampproject.org/rtv/012007302351000/amp4ads-v0.js, line 28: Error: Failed to load: https://tpc.googlesyndication.com/simgad/12565341555928633680?sqp=4sqPyQQ7QjkqNxABHQAAtEIgASgBMAk4A0DwkwlYAWBfcAKAAQGIAQGdAQAAgD-oAQGwAYCt4gS4AV_FAS2ynT4&rs=AOga4qk9dwKLTa5eShzhNr-k-9hAxjqz-g
JavaScript error: https://cdn.ampproject.org/rtv/012007302351000/amp4ads-v0.js, line 28: Error: Failed to load: https://tpc.googlesyndication.com/simgad/12565341555928633680?sqp=4sqPyQQ7QjkqNxABHQAAtEIgASgBMAk4A0DwkwlYAWBfcAKAAQGIAQGdAQAAgD-oAQGwAYCt4gS4AV_FAS2ynT4&rs=AOga4qk9dwKLTa5eShzhNr-k-9hAxjqz-g
JavaScript error: https://cdn.ampproject.org/rtv/012007302351000/amp4ads-v0.js, line 28: Error: Failed to load: https://tpc.googlesyndication.com/pagead/images/adchoices/icon.png
JavaScript error: https://cdn.ampproject.org/rtv/012007302351000/amp4ads-v0.js, line 28: Error: Failed to load: https://tpc.googlesyndication.com/pagead/images/adchoices/icon.png
JavaScript warning: https://confiant-integrations.global.ssl.fastly.net/gpt/202008071611/wrap.js, line 19: unreachable code after return statement
JavaScript warning: https://confiant-integrations.global.ssl.fastly.net/gpt/202008071611/wrap.js, line 19: unreachable code after return statement
JavaScript warning: https://confiant-integrations.global.ssl.fastly.net/gpt/202008071611/wrap.js, line 19: unreachable code after return statement
JavaScript warning: https://confiant-integrations.global.ssl.fastly.net/gpt/202008071611/wrap.js, line 19: unreachable code after return statement
JavaScript warning: https://confiant-integrations.global.ssl.fastly.net/gpt/202008071611/wrap.js, line 19: unreachable code after return statement
1597095318118	Sync.ErrorHandler	ERROR	Sync encountered a login error
JavaScript warning: https://confiant-integrations.global.ssl.fastly.net/gpt/202008071611/wrap.js, line 19: unreachable code after return statement
JavaScript warning: https://confiant-integrations.global.ssl.fastly.net/gpt/202008071611/wrap.js, line 19: unreachable code after return statement
JavaScript warning: https://confiant-integrations.global.ssl.fastly.net/gpt/202008071611/wrap.js, line 19: unreachable code after return statement
JavaScript warning: https://confiant-integrations.global.ssl.fastly.net/gpt/202008071611/wrap.js, line 19: unreachable code after return statement
console.error: PushService: 
  Failed to drop expired registrations on idle
  UnknownError
console.error: PushService: 
  Failed to drop expired registrations on idle
  UnknownError
console.error: PushService: 
  Failed to drop expired registrations on idle
  UnknownError
JavaScript warning: https://confiant-integrations.global.ssl.fastly.net/gpt/202008071611/wrap.js, line 19: unreachable code after return statement
JavaScript warning: https://confiant-integrations.global.ssl.fastly.net/gpt/202008071611/wrap.js, line 19: unreachable code after return statement
JavaScript warning: https://confiant-integrations.global.ssl.fastly.net/gpt/202008071611/wrap.js, line 19: unreachable code after return statement
JavaScript warning: https://confiant-integrations.global.ssl.fastly.net/gpt/202008071611/wrap.js, line 19: unreachable code after return statement
JavaScript warning: https://confiant-integrations.global.ssl.fastly.net/gpt/202008071611/wrap.js, line 19: unreachable code after return statement
JavaScript warning: https://confiant-integrations.global.ssl.fastly.net/gpt/202008071611/wrap.js, line 19: unreachable code after return statement
JavaScript warning: https://confiant-integrations.global.ssl.fastly.net/gpt/202008071611/wrap.js, line 19: unreachable code after return statement
JavaScript warning: https://confiant-integrations.global.ssl.fastly.net/gpt/202008071611/wrap.js, line 19: unreachable code after return statement
JavaScript warning: https://confiant-integrations.global.ssl.fastly.net/gpt/202008071611/wrap.js, line 19: unreachable code after return statement
JavaScript warning: https://confiant-integrations.global.ssl.fastly.net/gpt/202008071611/wrap.js, line 19: unreachable code after return statement
JavaScript warning: https://confiant-integrations.global.ssl.fastly.net/gpt/202008071611/wrap.js, line 19: unreachable code after return statement
JavaScript warning: https://confiant-integrations.global.ssl.fastly.net/gpt/202008071611/wrap.js, line 19: unreachable code after return statement
JavaScript warning: https://confiant-integrations.global.ssl.fastly.net/gpt/202008071611/wrap.js, line 19: unreachable code after return statement
JavaScript warning: https://confiant-integrations.global.ssl.fastly.net/gpt/202008071611/wrap.js, line 19: unreachable code after return statement
JavaScript warning: https://confiant-integrations.global.ssl.fastly.net/gpt/202008071611/wrap.js, line 19: unreachable code after return statement
JavaScript warning: https://confiant-integrations.global.ssl.fastly.net/gpt/202008071611/wrap.js, line 19: unreachable code after return statement
JavaScript warning: https://confiant-integrations.global.ssl.fastly.net/gpt/202008071611/wrap.js, line 19: unreachable code after return statement
JavaScript warning: https://confiant-integrations.global.ssl.fastly.net/gpt/202008071611/wrap.js, line 19: unreachable code after return statement
JavaScript warning: https://confiant-integrations.global.ssl.fastly.net/gpt/202008071611/wrap.js, line 19: unreachable code after return statement
JavaScript warning: https://confiant-integrations.global.ssl.fastly.net/gpt/202008071611/wrap.js, line 19: unreachable code after return statement
JavaScript warning: https://confiant-integrations.global.ssl.fastly.net/gpt/202008071611/wrap.js, line 19: unreachable code after return statement
JavaScript warning: https://confiant-integrations.global.ssl.fastly.net/gpt/202008071611/wrap.js, line 19: unreachable code after return statement
JavaScript warning: https://confiant-integrations.global.ssl.fastly.net/gpt/202008071611/wrap.js, line 19: unreachable code after return statement
JavaScript warning: https://confiant-integrations.global.ssl.fastly.net/gpt/202008071611/wrap.js, line 19: unreachable code after return statement
JavaScript error: https://24a2553c24e92e596da231659060518f.safeframe.googlesyndication.com/safeframe/1-0-37/html/container.html, line 8: SyntaxError: '' literal not terminated before end of script
1597105024191	Sync.ErrorHandler	ERROR	Sync encountered a login error
JavaScript warning: https://confiant-integrations.global.ssl.fastly.net/gpt/202008071611/wrap.js, line 19: unreachable code after return statement
JavaScript warning: https://confiant-integrations.global.ssl.fastly.net/gpt/202008071611/wrap.js, line 19: unreachable code after return statement
JavaScript warning: https://confiant-integrations.global.ssl.fastly.net/gpt/202008071611/wrap.js, line 19: unreachable code after return statement
JavaScript warning: https://confiant-integrations.global.ssl.fastly.net/gpt/202008071611/wrap.js, line 19: unreachable code after return statement
JavaScript warning: https://confiant-integrations.global.ssl.fastly.net/gpt/202008071611/wrap.js, line 19: unreachable code after return statement
JavaScript warning: https://confiant-integrations.global.ssl.fastly.net/gpt/202008071611/wrap.js, line 19: unreachable code after return statement
JavaScript warning: https://confiant-integrations.global.ssl.fastly.net/gpt/202008071611/wrap.js, line 19: unreachable code after return statement
JavaScript warning: https://confiant-integrations.global.ssl.fastly.net/gpt/202008071611/wrap.js, line 19: unreachable code after return statement
JavaScript error: https://tpc.googlesyndication.com/safeframe/1-0-37/html/container.html, line 8: SyntaxError: missing ) after argument list
JavaScript warning: https://confiant-integrations.global.ssl.fastly.net/gpt/202008071611/wrap.js, line 19: unreachable code after return statement
JavaScript warning: https://confiant-integrations.global.ssl.fastly.net/gpt/202008071611/wrap.js, line 19: unreachable code after return statement
JavaScript warning: https://confiant-integrations.global.ssl.fastly.net/gpt/202008071611/wrap.js, line 19: unreachable code after return statement
JavaScript warning: https://confiant-integrations.global.ssl.fastly.net/gpt/202008071611/wrap.js, line 19: unreachable code after return statement
JavaScript error: https://s0.2mdn.net/2276943/1587417259581/index.html, line 11: ReferenceError: Enabler is not defined
JavaScript warning: https://confiant-integrations.global.ssl.fastly.net/gpt/202008071611/wrap.js, line 19: unreachable code after return statement
JavaScript warning: https://confiant-integrations.global.ssl.fastly.net/gpt/202008071611/wrap.js, line 19: unreachable code after return statement
JavaScript warning: https://confiant-integrations.global.ssl.fastly.net/gpt/202008071611/wrap.js, line 19: unreachable code after return statement
JavaScript warning: https://confiant-integrations.global.ssl.fastly.net/gpt/202008071611/wrap.js, line 19: unreachable code after return statement
JavaScript error: https://tpc.googlesyndication.com/safeframe/1-0-37/html/container.html, line 13: SyntaxError: expected expression, got '<'
1597109150023	Sync.ErrorHandler	ERROR	Sync encountered a login error
1597110190822	Sync.ErrorHandler	ERROR	Sync encountered a login error
1597110247586	Sync.ErrorHandler	ERROR	Sync encountered a login error
JavaScript warning: https://confiant-integrations.global.ssl.fastly.net/gpt/202008071611/wrap.js, line 19: unreachable code after return statement
JavaScript warning: https://confiant-integrations.global.ssl.fastly.net/gpt/202008071611/wrap.js, line 19: unreachable code after return statement
JavaScript warning: https://confiant-integrations.global.ssl.fastly.net/gpt/202008071611/wrap.js, line 19: unreachable code after return statement
JavaScript warning: https://confiant-integrations.global.ssl.fastly.net/gpt/202008071611/wrap.js, line 19: unreachable code after return statement
JavaScript error: , line 0: uncaught exception: undefined
1597111548996	Sync.ErrorHandler	ERROR	Sync encountered a login error
JavaScript warning: https://confiant-integrations.global.ssl.fastly.net/gpt/202008071611/wrap.js, line 19: unreachable code after return statement
JavaScript warning: https://confiant-integrations.global.ssl.fastly.net/gpt/202008071611/wrap.js, line 19: unreachable code after return statement
JavaScript warning: https://confiant-integrations.global.ssl.fastly.net/gpt/202008071611/wrap.js, line 19: unreachable code after return statement
JavaScript warning: https://confiant-integrations.global.ssl.fastly.net/gpt/202008071611/wrap.js, line 19: unreachable code after return statement
JavaScript warning: https://confiant-integrations.global.ssl.fastly.net/gpt/202008071611/wrap.js, line 19: unreachable code after return statement
JavaScript warning: https://confiant-integrations.global.ssl.fastly.net/gpt/202008071611/wrap.js, line 19: unreachable code after return statement
JavaScript warning: https://confiant-integrations.global.ssl.fastly.net/gpt/202008071611/wrap.js, line 19: unreachable code after return statement
JavaScript warning: https://confiant-integrations.global.ssl.fastly.net/gpt/202008071611/wrap.js, line 19: unreachable code after return statement
JavaScript warning: https://confiant-integrations.global.ssl.fastly.net/gpt/202008071611/wrap.js, line 19: unreachable code after return statement
JavaScript warning: https://confiant-integrations.global.ssl.fastly.net/gpt/202008071611/wrap.js, line 19: unreachable code after return statement
JavaScript warning: https://confiant-integrations.global.ssl.fastly.net/gpt/202008071611/wrap.js, line 19: unreachable code after return statement
JavaScript warning: https://confiant-integrations.global.ssl.fastly.net/gpt/202008071611/wrap.js, line 19: unreachable code after return statement
JavaScript warning: https://confiant-integrations.global.ssl.fastly.net/gpt/202008071611/wrap.js, line 19: unreachable code after return statement
JavaScript warning: https://confiant-integrations.global.ssl.fastly.net/gpt/202008071611/wrap.js, line 19: unreachable code after return statement
JavaScript warning: https://confiant-integrations.global.ssl.fastly.net/gpt/202008071611/wrap.js, line 19: unreachable code after return statement
JavaScript warning: https://confiant-integrations.global.ssl.fastly.net/gpt/202008071611/wrap.js, line 19: unreachable code after return statement
JavaScript warning: https://confiant-integrations.global.ssl.fastly.net/gpt/202008071611/wrap.js, line 19: unreachable code after return statement
JavaScript warning: https://confiant-integrations.global.ssl.fastly.net/gpt/202008071611/wrap.js, line 19: unreachable code after return statement
JavaScript warning: https://confiant-integrations.global.ssl.fastly.net/gpt/202008071611/wrap.js, line 19: unreachable code after return statement
JavaScript warning: https://confiant-integrations.global.ssl.fastly.net/gpt/202008071611/wrap.js, line 19: unreachable code after return statement
JavaScript warning: https://confiant-integrations.global.ssl.fastly.net/gpt/202008071611/wrap.js, line 19: unreachable code after return statement
JavaScript warning: https://confiant-integrations.global.ssl.fastly.net/gpt/202008071611/wrap.js, line 19: unreachable code after return statement
JavaScript warning: https://confiant-integrations.global.ssl.fastly.net/gpt/202008071611/wrap.js, line 19: unreachable code after return statement
JavaScript warning: https://confiant-integrations.global.ssl.fastly.net/gpt/202008071611/wrap.js, line 19: unreachable code after return statement
JavaScript warning: https://confiant-integrations.global.ssl.fastly.net/gpt/202008071611/wrap.js, line 19: unreachable code after return statement
JavaScript warning: https://confiant-integrations.global.ssl.fastly.net/gpt/202008071611/wrap.js, line 19: unreachable code after return statement
JavaScript warning: https://confiant-integrations.global.ssl.fastly.net/gpt/202008071611/wrap.js, line 19: unreachable code after return statement
JavaScript warning: https://confiant-integrations.global.ssl.fastly.net/gpt/202008071611/wrap.js, line 19: unreachable code after return statement
JavaScript error: https://www.cbs17.com/10-day-forecast/, line 7: SyntaxError: '' string literal contains an unescaped line break
JavaScript error: , line 0: NotSupportedError: The media resource indicated by the src attribute or assigned media provider object was not suitable.
JavaScript warning: https://confiant-integrations.global.ssl.fastly.net/gpt/202008071611/wrap.js, line 19: unreachable code after return statement
JavaScript warning: https://confiant-integrations.global.ssl.fastly.net/gpt/202008071611/wrap.js, line 19: unreachable code after return statement
JavaScript warning: https://confiant-integrations.global.ssl.fastly.net/gpt/202008071611/wrap.js, line 19: unreachable code after return statement
JavaScript warning: https://confiant-integrations.global.ssl.fastly.net/gpt/202008071611/wrap.js, line 19: unreachable code after return statement
JavaScript warning: https://confiant-integrations.global.ssl.fastly.net/gpt/202008071611/wrap.js, line 19: unreachable code after return statement
JavaScript warning: https://confiant-integrations.global.ssl.fastly.net/gpt/202008071611/wrap.js, line 19: unreachable code after return statement
JavaScript warning: https://confiant-integrations.global.ssl.fastly.net/gpt/202008071611/wrap.js, line 19: unreachable code after return statement
JavaScript warning: https://confiant-integrations.global.ssl.fastly.net/gpt/202008071611/wrap.js, line 19: unreachable code after return statement
JavaScript warning: https://confiant-integrations.global.ssl.fastly.net/gpt/202008071611/wrap.js, line 19: unreachable code after return statement
JavaScript warning: https://confiant-integrations.global.ssl.fastly.net/gpt/202008071611/wrap.js, line 19: unreachable code after return statement
JavaScript warning: https://confiant-integrations.global.ssl.fastly.net/gpt/202008071611/wrap.js, line 19: unreachable code after return statement
JavaScript warning: https://confiant-integrations.global.ssl.fastly.net/gpt/202008071611/wrap.js, line 19: unreachable code after return statement
JavaScript error: , line 0: uncaught exception: Object
JavaScript error: , line 0: uncaught exception: Object
JavaScript error: , line 0: uncaught exception: Object
JavaScript error: , line 0: uncaught exception: Object
JavaScript error: , line 0: uncaught exception: Object
JavaScript error: , line 0: uncaught exception: Object
JavaScript error: , line 0: uncaught exception: Object
JavaScript error: , line 0: uncaught exception: Object
JavaScript error: , line 0: uncaught exception: Object
JavaScript error: , line 0: uncaught exception: Object
1597192527712	Sync.ErrorHandler	ERROR	Sync encountered a login error
1597196855349	Sync.ErrorHandler	ERROR	Sync encountered a login error
1597196861871	Sync.ErrorHandler	ERROR	Sync encountered a login error
1597217801707	Sync.ErrorHandler	ERROR	Sync encountered a login error
JavaScript error: https://mail.google.com/_/scs/mail-static/_/js/k=gmail.main.en.mVzr5ZMaMaI.O/am=1-v_S3hA6IvAn50RgxgAgPFc0FSqtN_wjjh1-i_4kEDfY_IwHOLAA6D_IPoBAAAAAAAAAAAAAAAAAABAPygDKgE/d=1/im=1/dg=0/ct=zgms/rs=AHGWq9AO2SpOhI-Qg7aUxLRF3kMDqkwcBg/m=b, line 1061: uncaught exception: CustomError: Error in protected function: Class$obf_1017: Task Class$obf_1015@25fe[status=PENDING, info=[setFuture=[Class$obf_1016@25ff[status=PENDING]]]] is rejected by GwtExecutor{name='xplat-internal'}
JavaScript error: https://mail.google.com/_/scs/mail-static/_/js/k=gmail.main.en.mVzr5ZMaMaI.O/am=1-v_S3hA6IvAn50RgxgAgPFc0FSqtN_wjjh1-i_4kEDfY_IwHOLAA6D_IPoBAAAAAAAAAAAAAAAAAABAPygDKgE/d=1/im=1/dg=0/ct=zgms/rs=AHGWq9AO2SpOhI-Qg7aUxLRF3kMDqkwcBg/m=b, line 1061: uncaught exception: CustomError: Error in protected function: Class$obf_1017: Task Class$obf_1015@2600[status=PENDING, info=[setFuture=[Class$obf_1016@2601[status=PENDING]]]] is rejected by GwtExecutor{name='xplat-internal'}
JavaScript error: https://mail.google.com/_/scs/mail-static/_/js/k=gmail.main.en.mVzr5ZMaMaI.O/am=1-v_S3hA6IvAn50RgxgAgPFc0FSqtN_wjjh1-i_4kEDfY_IwHOLAA6D_IPoBAAAAAAAAAAAAAAAAAABAPygDKgE/d=1/im=1/dg=0/ct=zgms/rs=AHGWq9AO2SpOhI-Qg7aUxLRF3kMDqkwcBg/m=b, line 1061: uncaught exception: CustomError: Error in protected function: Class$obf_1017: Task Class$obf_1015@2602[status=PENDING, info=[setFuture=[Class$obf_1016@2603[status=PENDING]]]] is rejected by GwtExecutor{name='xplat-internal'}
JavaScript error: https://mail.google.com/_/scs/mail-static/_/js/k=gmail.main.en.mVzr5ZMaMaI.O/am=1-v_S3hA6IvAn50RgxgAgPFc0FSqtN_wjjh1-i_4kEDfY_IwHOLAA6D_IPoBAAAAAAAAAAAAAAAAAABAPygDKgE/d=1/im=1/dg=0/ct=zgms/rs=AHGWq9AO2SpOhI-Qg7aUxLRF3kMDqkwcBg/m=b, line 1061: uncaught exception: CustomError: Error in protected function: Class$obf_1017: Task Class$obf_1015@2604[status=PENDING, info=[setFuture=[Class$obf_1016@2605[status=PENDING]]]] is rejected by GwtExecutor{name='xplat-internal'}
JavaScript error: https://mail.google.com/_/scs/mail-static/_/js/k=gmail.main.en.mVzr5ZMaMaI.O/am=1-v_S3hA6IvAn50RgxgAgPFc0FSqtN_wjjh1-i_4kEDfY_IwHOLAA6D_IPoBAAAAAAAAAAAAAAAAAABAPygDKgE/d=1/im=1/dg=0/ct=zgms/rs=AHGWq9AO2SpOhI-Qg7aUxLRF3kMDqkwcBg/m=b, line 1061: uncaught exception: CustomError: Error in protected function: Class$obf_1017: Task Class$obf_1015@2606[status=PENDING, info=[setFuture=[Class$obf_1016@2607[status=PENDING]]]] is rejected by GwtExecutor{name='xplat-internal'}
JavaScript error: https://mail.google.com/_/scs/mail-static/_/js/k=gmail.main.en.mVzr5ZMaMaI.O/am=1-v_S3hA6IvAn50RgxgAgPFc0FSqtN_wjjh1-i_4kEDfY_IwHOLAA6D_IPoBAAAAAAAAAAAAAAAAAABAPygDKgE/d=1/im=1/dg=0/ct=zgms/rs=AHGWq9AO2SpOhI-Qg7aUxLRF3kMDqkwcBg/m=b, line 1061: uncaught exception: CustomError: Error in protected function: Class$obf_1017: Task Class$obf_1015@2608[status=PENDING, info=[setFuture=[Class$obf_1016@2609[status=PENDING]]]] is rejected by GwtExecutor{name='xplat-internal'}
JavaScript error: https://mail.google.com/_/scs/mail-static/_/js/k=gmail.main.en.mVzr5ZMaMaI.O/am=1-v_S3hA6IvAn50RgxgAgPFc0FSqtN_wjjh1-i_4kEDfY_IwHOLAA6D_IPoBAAAAAAAAAAAAAAAAAABAPygDKgE/d=1/im=1/dg=0/ct=zgms/rs=AHGWq9AO2SpOhI-Qg7aUxLRF3kMDqkwcBg/m=b, line 1061: uncaught exception: CustomError: Error in protected function: Class$obf_1017: Task Class$obf_1015@260a[status=PENDING, info=[setFuture=[Class$obf_1016@260b[status=PENDING]]]] is rejected by GwtExecutor{name='xplat-internal'}
JavaScript warning: https://rahulshettyacademy.com/angularpractice/scripts.6cc4e781f0791d60b349.bundle.js, line 1: Script terminated by timeout at:
_.fn.extend@https://rahulshettyacademy.com/angularpractice/scripts.6cc4e781f0791d60b349.bundle.js:1:2031
simulate@https://rahulshettyacademy.com/angularpractice/scripts.6cc4e781f0791d60b349.bundle.js:1:69508
n@https://rahulshettyacademy.com/angularpractice/scripts.6cc4e781f0791d60b349.bundle.js:1:69851
ZSR1/</</</u</t.prototype.invokeTask@https://rahulshettyacademy.com/angularpractice/polyfills.b6b2cd0d4c472ac3ac12.bundle.js:1:19353
ZSR1/</</</i</e.prototype.runTask@https://rahulshettyacademy.com/angularpractice/polyfills.b6b2cd0d4c472ac3ac12.bundle.js:1:14537
ZSR1/</</</c</e.invokeTask@https://rahulshettyacademy.com/angularpractice/polyfills.b6b2cd0d4c472ac3ac12.bundle.js:1:20443
k@https://rahulshettyacademy.com/angularpractice/polyfills.b6b2cd0d4c472ac3ac12.bundle.js:1:31400
m@https://rahulshettyacademy.com/angularpractice/polyfills.b6b2cd0d4c472ac3ac12.bundle.js:1:31812

JavaScript error: https://googleads.g.doubleclick.net/pagead/render_post_ads_v1.html#exk=1992063724&a_pr=13:XzQqlgAAAACs0Z2whSx0270FTXKX2BaA6fFVvw, line 1: ReferenceError: buildAttribution is not defined
JavaScript error: https://googleads.g.doubleclick.net/pagead/render_post_ads_v1.html#exk=1992063724&a_pr=13:XzQqlgAAAACs0Z2whSx0270FTXKX2BaA6fFVvw, line 1: ReferenceError: googqscp is not defined
JavaScript error: https://ap.lijit.com/www/sovrn_beacon_standalone/sovrn_standalone_beacon.js?iid=8157791, line 3: TypeError: sovrn.auction.sovrnReady is not a function
JavaScript error: https://bluedeathvalley.proboards.com/thread/16210/replace-maine-martin-primary-ranking?page=2&scrollTo=258279, line 1: ReferenceError: r3px is not defined
2020-08-12 14:04:38.871 firefox-bin[79759:8313085] NSNotificationCenter connection interrupted
2020-08-12 14:04:40.787 firefox-bin[79759:8312979] NSNotificationCenter connection invalid
2020-08-12 14:04:43.796 firefox-bin[79823:5884293] HIToolbox: received notification of WindowServer event port death.
2020-08-12 14:04:43.796 firefox-bin[79823:5884293] port matched the WindowServer port created in BindCGSToRunLoop
2020-08-12 14:04:43.797 firefox-bin[79759:5875972] HIToolbox: received notification of WindowServer event port death.
2020-08-12 14:04:43.797 firefox-bin[79759:5875972] port matched the WindowServer port created in BindCGSToRunLoop
2020-08-12 14:04:43.796 firefox-bin[76340:5481331] HIToolbox: received notification of WindowServer event port death.
2020-08-12 14:04:43.803 firefox-bin[76340:5481331] port matched the WindowServer port created in BindCGSToRunLoop
2020-08-12 14:04:43.838 firefox-bin[76979:5540225] HIToolbox: received notification of WindowServer event port death.
2020-08-12 14:04:43.839 firefox-bin[76979:5540225] port matched the WindowServer port created in BindCGSToRunLoop
2020-08-12 14:04:43.896 firefox-bin[76313:5478641] HIToolbox: received notification of WindowServer event port death.
2020-08-12 14:04:43.896 firefox-bin[76313:5478641] port matched the WindowServer port created in BindCGSToRunLoop
2020-08-12 14:04:43.896 firefox-bin[76355:5483099] HIToolbox: received notification of WindowServer event port death.
2020-08-12 14:04:43.896 firefox-bin[76355:5483099] port matched the WindowServer port created in BindCGSToRunLoop
2020-08-12 14:04:43.951 firefox-bin[79751:5874537] HIToolbox: received notification of WindowServer event port death.
2020-08-12 14:04:43.951 firefox-bin[79751:5874537] port matched the WindowServer port created in BindCGSToRunLoop
2020-08-12 14:04:43.951 firefox-bin[76965:5538262] HIToolbox: received notification of WindowServer event port death.
2020-08-12 14:04:43.951 firefox-bin[76298:5476885] HIToolbox: received notification of WindowServer event port death.
2020-08-12 14:04:43.952 firefox-bin[76965:5538262] port matched the WindowServer port created in BindCGSToRunLoop
2020-08-12 14:04:43.952 firefox-bin[76298:5476885] port matched the WindowServer port created in BindCGSToRunLoop
2020-08-12 14:04:43.968 firefox-bin[77000:5542535] HIToolbox: received notification of WindowServer event port death.
2020-08-12 14:04:43.968 firefox-bin[77000:5542535] port matched the WindowServer port created in BindCGSToRunLoop
